#
# There is insufficient memory for the Java Runtime Environment to continue.
# Native memory allocation (mmap) failed to map 131072000 bytes for Failed to commit area from 0x0000000091e00000 to 0x0000000099b00000 of length 131072000.
# Possible reasons:
#   The system is out of physical RAM or swap space
#   The process is running with CompressedOops enabled, and the Java Heap may be blocking the growth of the native heap
# Possible solutions:
#   Reduce memory load on the system
#   Increase physical memory or swap space
#   Check if swap backing store is full
#   Decrease Java heap size (-Xmx/-Xms)
#   Decrease number of Java threads
#   Decrease Java thread stack sizes (-Xss)
#   Set larger code cache with -XX:ReservedCodeCacheSize=
#   JVM is running with Unscaled Compressed Oops mode in which the Java heap is
#     placed in the first 4GB address space. The Java Heap base address is the
#     maximum limit for the native heap growth. Please use -XX:HeapBaseMinAddress
#     to set the Java Heap base and to place the Java Heap above 4GB virtual address.
# This output file may be truncated or incomplete.
#
#  Out of Memory Error (./src/hotspot/os/windows/os_windows.cpp:3619), pid=17812, tid=8916
#
# JRE version: OpenJDK Runtime Environment (11.0.13) (build 11.0.13+0-b1751.21-8125866)
# Java VM: OpenJDK 64-Bit Server VM (11.0.13+0-b1751.21-8125866, mixed mode, tiered, compressed oops, g1 gc, windows-amd64)
# No core dump will be written. Minidumps are not enabled by default on client versions of Windows
#

---------------  S U M M A R Y ------------

Command Line: --add-opens=java.base/java.util=ALL-UNNAMED --add-opens=java.base/java.lang=ALL-UNNAMED --add-opens=java.base/java.lang.invoke=ALL-UNNAMED --add-opens=java.base/java.util=ALL-UNNAMED --add-opens=java.prefs/java.util.prefs=ALL-UNNAMED --add-opens=java.prefs/java.util.prefs=ALL-UNNAMED --add-opens=java.base/java.nio.charset=ALL-UNNAMED --add-opens=java.base/java.net=ALL-UNNAMED --add-opens=java.base/java.util.concurrent.atomic=ALL-UNNAMED -Xmx2048m -Dfile.encoding=UTF-8 -Duser.country=US -Duser.language=en -Duser.variant org.gradle.launcher.daemon.bootstrap.GradleDaemon 7.4

Host: Intel(R) Core(TM) i7-3520M CPU @ 2.90GHz, 4 cores, 7G,  Windows 10 , 64 bit Build 19041 (10.0.19041.2546)
Time: Sat Apr  1 15:39:27 2023 Central European Daylight Time elapsed time: 808.953983 seconds (0d 0h 13m 28s)

---------------  T H R E A D  ---------------

Current thread (0x000001693003e800):  VMThread "VM Thread" [stack: 0x0000004bf5d00000,0x0000004bf5e00000] [id=8916]

Stack: [0x0000004bf5d00000,0x0000004bf5e00000]
[error occurred during error reporting (printing stack bounds), id 0xc0000005, EXCEPTION_ACCESS_VIOLATION (0xc0000005) at pc=0x0000016919f6112d]

Native frames: (J=compiled Java code, j=interpreted, Vv=VM code, C=native code)
V  [jvm.dll+0x6100fa]
V  [jvm.dll+0x747090]
V  [jvm.dll+0x7486ad]
V  [jvm.dll+0x748ce5]
V  [jvm.dll+0x748c9b]
V  [jvm.dll+0x60f224]
V  [jvm.dll+0x60f9b8]
C  [ntdll.dll+0xa241f]
C  [ntdll.dll+0x514a4]
C  [ntdll.dll+0xa0f4e]
C  0x0000016919f6112d

VM_Operation (0x0000004bf6ef6b10): G1CollectForAllocation, mode: safepoint, requested by thread 0x0000016934710800


---------------  P R O C E S S  ---------------

Threads class SMR info:
_java_thread_list=0x0000016932e70c90, length=41, elements={
0x000001691643f800, 0x0000016930042800, 0x0000016930046000, 0x0000016930062000,
0x0000016930063000, 0x0000016930065800, 0x000001693006a800, 0x0000016930071800,
0x0000016930075800, 0x0000016930b1b000, 0x0000016932e28000, 0x0000016932b59000,
0x0000016932c83800, 0x00000169332f3000, 0x00000169332ef000, 0x00000169332f1800,
0x00000169332ed800, 0x00000169332ee000, 0x000001693475e000, 0x000001693475c000,
0x000001693475e800, 0x000001693336d000, 0x0000016933367800, 0x0000016934715800,
0x0000016934718000, 0x0000016933d71000, 0x0000016933d74000, 0x0000016934712000,
0x0000016934710800, 0x000001693d993000, 0x000001693d98f800, 0x000001693d992000,
0x000001693d991800, 0x000001693d990800, 0x000001693ab3a000, 0x000001693d98d000,
0x000001693d993800, 0x000001693d98e000, 0x000001693d98f000, 0x000001693d998800,
0x000001693d996000
}

Java Threads: ( => current thread )
  0x000001691643f800 JavaThread "main" [_thread_blocked, id=14928, stack(0x0000004bf5700000,0x0000004bf5800000)]
  0x0000016930042800 JavaThread "Reference Handler" daemon [_thread_blocked, id=5080, stack(0x0000004bf5e00000,0x0000004bf5f00000)]
  0x0000016930046000 JavaThread "Finalizer" daemon [_thread_blocked, id=18180, stack(0x0000004bf5f00000,0x0000004bf6000000)]
  0x0000016930062000 JavaThread "Signal Dispatcher" daemon [_thread_blocked, id=14160, stack(0x0000004bf6000000,0x0000004bf6100000)]
  0x0000016930063000 JavaThread "Attach Listener" daemon [_thread_blocked, id=16368, stack(0x0000004bf6100000,0x0000004bf6200000)]
  0x0000016930065800 JavaThread "Service Thread" daemon [_thread_blocked, id=16076, stack(0x0000004bf6200000,0x0000004bf6300000)]
  0x000001693006a800 JavaThread "C2 CompilerThread0" daemon [_thread_blocked, id=9048, stack(0x0000004bf6300000,0x0000004bf6400000)]
  0x0000016930071800 JavaThread "C1 CompilerThread0" daemon [_thread_blocked, id=13144, stack(0x0000004bf6400000,0x0000004bf6500000)]
  0x0000016930075800 JavaThread "Sweeper thread" daemon [_thread_blocked, id=192, stack(0x0000004bf6500000,0x0000004bf6600000)]
  0x0000016930b1b000 JavaThread "Common-Cleaner" daemon [_thread_blocked, id=2460, stack(0x0000004bf6600000,0x0000004bf6700000)]
  0x0000016932e28000 JavaThread "Daemon health stats" [_thread_blocked, id=8004, stack(0x0000004bf6b00000,0x0000004bf6c00000)]
  0x0000016932b59000 JavaThread "Incoming local TCP Connector on port 56216" [_thread_in_native, id=16696, stack(0x0000004bf6800000,0x0000004bf6900000)]
  0x0000016932c83800 JavaThread "Daemon periodic checks" [_thread_blocked, id=10852, stack(0x0000004bf6c00000,0x0000004bf6d00000)]
  0x00000169332f3000 JavaThread "Cache worker for journal cache (C:\Users\hp\.gradle\caches\journal-1)" [_thread_blocked, id=15188, stack(0x0000004bf7500000,0x0000004bf7600000)]
  0x00000169332ef000 JavaThread "File lock request listener" [_thread_in_native, id=17508, stack(0x0000004bf7600000,0x0000004bf7700000)]
  0x00000169332f1800 JavaThread "Cache worker for file hash cache (C:\Users\hp\.gradle\caches\7.4\fileHashes)" [_thread_blocked, id=7824, stack(0x0000004bf7700000,0x0000004bf7800000)]
  0x00000169332ed800 JavaThread "File watcher server" daemon [_thread_blocked, id=16080, stack(0x0000004bf7900000,0x0000004bf7a00000)]
  0x00000169332ee000 JavaThread "File watcher consumer" daemon [_thread_blocked, id=13512, stack(0x0000004bf7a00000,0x0000004bf7b00000)]
  0x000001693475e000 JavaThread "Cache worker for execution history cache (C:\Users\hp\.gradle\caches\7.4\executionHistory)" [_thread_blocked, id=9064, stack(0x0000004bf7f00000,0x0000004bf8000000)]
  0x000001693475c000 JavaThread "jar transforms" [_thread_blocked, id=13596, stack(0x0000004bf8000000,0x0000004bf8100000)]
  0x000001693475e800 JavaThread "Cache worker for file content cache (C:\Users\hp\.gradle\caches\7.4\fileContent)" [_thread_blocked, id=5056, stack(0x0000004bf8100000,0x0000004bf8200000)]
  0x000001693336d000 JavaThread "jar transforms Thread 2" [_thread_blocked, id=6384, stack(0x0000004bf8200000,0x0000004bf8300000)]
  0x0000016933367800 JavaThread "jar transforms Thread 3" [_thread_blocked, id=14500, stack(0x0000004bf8400000,0x0000004bf8500000)]
  0x0000016934715800 JavaThread "jar transforms Thread 4" [_thread_blocked, id=14700, stack(0x0000004bfae00000,0x0000004bfaf00000)]
  0x0000016934718000 JavaThread "Memory manager" [_thread_blocked, id=2976, stack(0x0000004bfaf00000,0x0000004bfb000000)]
  0x0000016933d71000 JavaThread "Cache worker for Java compile cache (C:\Users\hp\.gradle\caches\7.4\javaCompile)" [_thread_blocked, id=1144, stack(0x0000004bfb800000,0x0000004bfb900000)]
  0x0000016933d74000 JavaThread "ForkJoinPool.commonPool-worker-7" daemon [_thread_blocked, id=6684, stack(0x0000004bfc300000,0x0000004bfc400000)]
  0x0000016934712000 JavaThread "Daemon Thread 2" [_thread_blocked, id=17468, stack(0x0000004bf5500000,0x0000004bf5600000)]
  0x0000016934710800 JavaThread "Daemon worker Thread 2" [_thread_blocked, id=2960, stack(0x0000004bf6e00000,0x0000004bf6f00000)]
  0x000001693d993000 JavaThread "Handler for socket connection from /127.0.0.1:56216 to /127.0.0.1:64917" [_thread_in_native, id=12760, stack(0x0000004bf5600000,0x0000004bf5700000)]
  0x000001693d98f800 JavaThread "Cancel handler" [_thread_blocked, id=11836, stack(0x0000004bf6d00000,0x0000004bf6e00000)]
  0x000001693d992000 JavaThread "Asynchronous log dispatcher for DefaultDaemonConnection: socket connection from /127.0.0.1:56216 to /127.0.0.1:64917" [_thread_blocked, id=4936, stack(0x0000004bf6f00000,0x0000004bf7000000)]
  0x000001693d991800 JavaThread "Stdin handler" [_thread_blocked, id=8408, stack(0x0000004bf7000000,0x0000004bf7100000)]
  0x000001693d990800 JavaThread "Daemon client event forwarder" [_thread_blocked, id=10740, stack(0x0000004bf7100000,0x0000004bf7200000)]
  0x000001693ab3a000 JavaThread "C2 CompilerThread1" daemon [_thread_blocked, id=9480, stack(0x0000004bf7200000,0x0000004bf7300000)]
  0x000001693d98d000 JavaThread "Cache worker for checksums cache (C:\Users\hp\AndroidStudioProjects\BookApp2\.gradle\7.4\checksums)" [_thread_blocked, id=2256, stack(0x0000004bf7300000,0x0000004bf7400000)]
  0x000001693d993800 JavaThread "Cache worker for cache directory md-rule (C:\Users\hp\.gradle\caches\7.4\md-rule)" [_thread_blocked, id=15592, stack(0x0000004bf7800000,0x0000004bf7900000)]
  0x000001693d98e000 JavaThread "Cache worker for file hash cache (C:\Users\hp\AndroidStudioProjects\BookApp2\.gradle\7.4\fileHashes)" [_thread_blocked, id=16252, stack(0x0000004bf7b00000,0x0000004bf7c00000)]
  0x000001693d98f000 JavaThread "Cache worker for cache directory md-supplier (C:\Users\hp\.gradle\caches\7.4\md-supplier)" [_thread_blocked, id=7044, stack(0x0000004bf7c00000,0x0000004bf7d00000)]
  0x000001693d998800 JavaThread "Cache worker for dependencies-accessors (C:\Users\hp\AndroidStudioProjects\BookApp2\.gradle\7.4\dependencies-accessors)" [_thread_blocked, id=9636, stack(0x0000004bf7d00000,0x0000004bf7e00000)]
  0x000001693d996000 JavaThread "Cache worker for Build Output Cleanup Cache (C:\Users\hp\AndroidStudioProjects\BookApp2\.gradle\buildOutputCleanup)" [_thread_blocked, id=9712, stack(0x0000004bf7e00000,0x0000004bf7f00000)]

Other Threads:
=>0x000001693003e800 VMThread "VM Thread" [stack: 0x0000004bf5d00000,0x0000004bf5e00000] [id=8916]
  0x0000016930b4a800 WatcherThread [stack: 0x0000004bf6700000,0x0000004bf6800000] [id=15456]
  0x0000016916458800 GCTaskThread "GC Thread#0" [stack: 0x0000004bf5800000,0x0000004bf5900000] [id=244]
  0x000001693150e800 GCTaskThread "GC Thread#1" [stack: 0x0000004bf6900000,0x0000004bf6a00000] [id=6488]
  0x0000016931008800 GCTaskThread "GC Thread#2" [stack: 0x0000004bf6a00000,0x0000004bf6b00000] [id=5908]
  0x0000016932aba800 GCTaskThread "GC Thread#3" [stack: 0x0000004bf7400000,0x0000004bf7500000] [id=6320]
  0x0000016916491000 ConcurrentGCThread "G1 Main Marker" [stack: 0x0000004bf5900000,0x0000004bf5a00000] [id=5460]
  0x0000016916492000 ConcurrentGCThread "G1 Conc#0" [stack: 0x0000004bf5a00000,0x0000004bf5b00000] [id=16200]
  0x000001692fea0800 ConcurrentGCThread "G1 Refine#0" [stack: 0x0000004bf5b00000,0x0000004bf5c00000] [id=15948]
  0x000001692fea1800 ConcurrentGCThread "G1 Young RemSet Sampling" [stack: 0x0000004bf5c00000,0x0000004bf5d00000] [id=16360]

Threads with active compile tasks:
C2 CompilerThread0 808978 23664       4       org.gradle.api.internal.artifacts.ivyservice.modulecache.ModuleMetadataSerializer$Reader::readNullableArtifact (51 bytes)

VM state:at safepoint (normal execution)

VM Mutex/Monitor currently owned by a thread:  ([mutex/lock_event])
[0x000001691643ba20] Threads_lock - owner thread: 0x000001693003e800
[0x000001691643b000] Heap_lock - owner thread: 0x0000016934710800

Heap address: 0x0000000080000000, size: 2048 MB, Compressed Oops mode: 32-bit
Narrow klass base: 0x0000000000000000, Narrow klass shift: 3
Compressed class space size: 1073741824 Address: 0x0000000100000000

Heap:
 garbage-first heap   total 420864K, used 200932K [0x0000000080000000, 0x0000000100000000)
  region size 1024K, 5 young (5120K), 5 survivors (5120K)
 Metaspace       used 164389K, capacity 168840K, committed 168912K, reserved 1196032K
  class space    used 20915K, capacity 22477K, committed 22528K, reserved 1048576K
Heap Regions: E=young(eden), S=young(survivor), O=old, HS=humongous(starts), HC=humongous(continues), CS=collection set, F=free, A=archive, TAMS=top-at-mark-start (previous, next)
|   0|0x0000000080000000, 0x0000000080100000, 0x0000000080100000|100%|HS|  |TAMS 0x0000000080100000, 0x0000000080000000| Complete 
|   1|0x0000000080100000, 0x0000000080200000, 0x0000000080200000|100%|HC|  |TAMS 0x0000000080200000, 0x0000000080100000| Complete 
|   2|0x0000000080200000, 0x0000000080300000, 0x0000000080300000|100%|HC|  |TAMS 0x0000000080300000, 0x0000000080200000| Complete 
|   3|0x0000000080300000, 0x0000000080400000, 0x0000000080400000|100%| O|  |TAMS 0x0000000080400000, 0x0000000080300000| Untracked 
|   4|0x0000000080400000, 0x0000000080500000, 0x0000000080500000|100%| O|  |TAMS 0x0000000080500000, 0x0000000080400000| Untracked 
|   5|0x0000000080500000, 0x0000000080600000, 0x0000000080600000|100%| O|  |TAMS 0x0000000080600000, 0x0000000080500000| Untracked 
|   6|0x0000000080600000, 0x0000000080700000, 0x0000000080700000|100%|HS|  |TAMS 0x0000000080700000, 0x0000000080600000| Complete 
|   7|0x0000000080700000, 0x0000000080800000, 0x0000000080800000|100%| O|  |TAMS 0x0000000080800000, 0x0000000080700000| Untracked 
|   8|0x0000000080800000, 0x0000000080900000, 0x0000000080900000|100%| O|  |TAMS 0x0000000080900000, 0x0000000080800000| Untracked 
|   9|0x0000000080900000, 0x0000000080a00000, 0x0000000080a00000|100%| O|  |TAMS 0x0000000080a00000, 0x0000000080900000| Untracked 
|  10|0x0000000080a00000, 0x0000000080b00000, 0x0000000080b00000|100%| O|  |TAMS 0x0000000080b00000, 0x0000000080a00000| Untracked 
|  11|0x0000000080b00000, 0x0000000080c00000, 0x0000000080c00000|100%| O|  |TAMS 0x0000000080c00000, 0x0000000080b00000| Untracked 
|  12|0x0000000080c00000, 0x0000000080d00000, 0x0000000080d00000|100%| O|  |TAMS 0x0000000080d00000, 0x0000000080c00000| Untracked 
|  13|0x0000000080d00000, 0x0000000080e00000, 0x0000000080e00000|100%| O|  |TAMS 0x0000000080e00000, 0x0000000080d00000| Untracked 
|  14|0x0000000080e00000, 0x0000000080f00000, 0x0000000080f00000|100%| O|  |TAMS 0x0000000080f00000, 0x0000000080e00000| Untracked 
|  15|0x0000000080f00000, 0x0000000081000000, 0x0000000081000000|100%| O|  |TAMS 0x0000000081000000, 0x0000000080f00000| Untracked 
|  16|0x0000000081000000, 0x0000000081100000, 0x0000000081100000|100%| O|  |TAMS 0x0000000081100000, 0x0000000081000000| Untracked 
|  17|0x0000000081100000, 0x0000000081200000, 0x0000000081200000|100%|HS|  |TAMS 0x0000000081200000, 0x0000000081100000| Complete 
|  18|0x0000000081200000, 0x0000000081300000, 0x0000000081300000|100%| O|  |TAMS 0x0000000081300000, 0x0000000081200000| Untracked 
|  19|0x0000000081300000, 0x0000000081400000, 0x0000000081400000|100%| O|  |TAMS 0x0000000081400000, 0x0000000081300000| Untracked 
|  20|0x0000000081400000, 0x0000000081500000, 0x0000000081500000|100%| O|  |TAMS 0x0000000081500000, 0x0000000081400000| Untracked 
|  21|0x0000000081500000, 0x0000000081600000, 0x0000000081600000|100%| O|  |TAMS 0x0000000081600000, 0x0000000081500000| Untracked 
|  22|0x0000000081600000, 0x0000000081700000, 0x0000000081700000|100%| O|  |TAMS 0x0000000081700000, 0x0000000081600000| Untracked 
|  23|0x0000000081700000, 0x0000000081800000, 0x0000000081800000|100%| O|  |TAMS 0x0000000081800000, 0x0000000081700000| Untracked 
|  24|0x0000000081800000, 0x0000000081900000, 0x0000000081900000|100%|HS|  |TAMS 0x0000000081900000, 0x0000000081800000| Complete 
|  25|0x0000000081900000, 0x0000000081a00000, 0x0000000081a00000|100%| O|  |TAMS 0x0000000081a00000, 0x0000000081900000| Untracked 
|  26|0x0000000081a00000, 0x0000000081b00000, 0x0000000081b00000|100%|HS|  |TAMS 0x0000000081b00000, 0x0000000081a00000| Complete 
|  27|0x0000000081b00000, 0x0000000081c00000, 0x0000000081c00000|100%|HC|  |TAMS 0x0000000081c00000, 0x0000000081b00000| Complete 
|  28|0x0000000081c00000, 0x0000000081d00000, 0x0000000081d00000|100%| O|  |TAMS 0x0000000081d00000, 0x0000000081c00000| Untracked 
|  29|0x0000000081d00000, 0x0000000081e00000, 0x0000000081e00000|100%| O|  |TAMS 0x0000000081e00000, 0x0000000081d00000| Untracked 
|  30|0x0000000081e00000, 0x0000000081f00000, 0x0000000081f00000|100%| O|  |TAMS 0x0000000081f00000, 0x0000000081e00000| Untracked 
|  31|0x0000000081f00000, 0x0000000082000000, 0x0000000082000000|100%| O|  |TAMS 0x0000000082000000, 0x0000000081f00000| Untracked 
|  32|0x0000000082000000, 0x0000000082100000, 0x0000000082100000|100%| O|  |TAMS 0x0000000082100000, 0x0000000082000000| Untracked 
|  33|0x0000000082100000, 0x0000000082200000, 0x0000000082200000|100%| O|  |TAMS 0x0000000082200000, 0x0000000082100000| Untracked 
|  34|0x0000000082200000, 0x0000000082300000, 0x0000000082300000|100%| O|  |TAMS 0x0000000082300000, 0x0000000082200000| Untracked 
|  35|0x0000000082300000, 0x0000000082400000, 0x0000000082400000|100%| O|  |TAMS 0x0000000082400000, 0x0000000082300000| Untracked 
|  36|0x0000000082400000, 0x0000000082500000, 0x0000000082500000|100%| O|  |TAMS 0x0000000082500000, 0x0000000082400000| Untracked 
|  37|0x0000000082500000, 0x0000000082600000, 0x0000000082600000|100%| O|  |TAMS 0x0000000082600000, 0x0000000082500000| Untracked 
|  38|0x0000000082600000, 0x0000000082700000, 0x0000000082700000|100%| O|  |TAMS 0x0000000082700000, 0x0000000082600000| Untracked 
|  39|0x0000000082700000, 0x0000000082800000, 0x0000000082800000|100%| O|  |TAMS 0x0000000082800000, 0x0000000082700000| Untracked 
|  40|0x0000000082800000, 0x0000000082900000, 0x0000000082900000|100%| O|  |TAMS 0x0000000082900000, 0x0000000082800000| Untracked 
|  41|0x0000000082900000, 0x0000000082a00000, 0x0000000082a00000|100%| O|  |TAMS 0x0000000082a00000, 0x0000000082900000| Untracked 
|  42|0x0000000082a00000, 0x0000000082b00000, 0x0000000082b00000|100%| O|  |TAMS 0x0000000082b00000, 0x0000000082a00000| Untracked 
|  43|0x0000000082b00000, 0x0000000082c00000, 0x0000000082c00000|100%| O|  |TAMS 0x0000000082c00000, 0x0000000082b00000| Untracked 
|  44|0x0000000082c00000, 0x0000000082d00000, 0x0000000082d00000|100%| O|  |TAMS 0x0000000082d00000, 0x0000000082c00000| Untracked 
|  45|0x0000000082d00000, 0x0000000082e00000, 0x0000000082e00000|100%| O|  |TAMS 0x0000000082e00000, 0x0000000082d00000| Untracked 
|  46|0x0000000082e00000, 0x0000000082f00000, 0x0000000082f00000|100%| O|  |TAMS 0x0000000082f00000, 0x0000000082e00000| Untracked 
|  47|0x0000000082f00000, 0x0000000083000000, 0x0000000083000000|100%| O|  |TAMS 0x0000000083000000, 0x0000000082f00000| Untracked 
|  48|0x0000000083000000, 0x0000000083100000, 0x0000000083100000|100%| O|  |TAMS 0x0000000083100000, 0x0000000083000000| Untracked 
|  49|0x0000000083100000, 0x0000000083200000, 0x0000000083200000|100%| O|  |TAMS 0x0000000083200000, 0x0000000083100000| Untracked 
|  50|0x0000000083200000, 0x0000000083300000, 0x0000000083300000|100%| O|  |TAMS 0x0000000083300000, 0x0000000083200000| Untracked 
|  51|0x0000000083300000, 0x0000000083400000, 0x0000000083400000|100%| O|  |TAMS 0x0000000083400000, 0x0000000083300000| Untracked 
|  52|0x0000000083400000, 0x0000000083500000, 0x0000000083500000|100%| O|  |TAMS 0x0000000083500000, 0x0000000083400000| Untracked 
|  53|0x0000000083500000, 0x0000000083600000, 0x0000000083600000|100%| O|  |TAMS 0x0000000083600000, 0x0000000083500000| Untracked 
|  54|0x0000000083600000, 0x0000000083700000, 0x0000000083700000|100%| O|  |TAMS 0x0000000083700000, 0x0000000083600000| Untracked 
|  55|0x0000000083700000, 0x0000000083800000, 0x0000000083800000|100%| O|  |TAMS 0x0000000083800000, 0x0000000083700000| Untracked 
|  56|0x0000000083800000, 0x0000000083900000, 0x0000000083900000|100%| O|  |TAMS 0x0000000083900000, 0x0000000083800000| Untracked 
|  57|0x0000000083900000, 0x0000000083a00000, 0x0000000083a00000|100%| O|  |TAMS 0x0000000083a00000, 0x0000000083900000| Untracked 
|  58|0x0000000083a00000, 0x0000000083b00000, 0x0000000083b00000|100%| O|  |TAMS 0x0000000083b00000, 0x0000000083a00000| Untracked 
|  59|0x0000000083b00000, 0x0000000083c00000, 0x0000000083c00000|100%| O|  |TAMS 0x0000000083c00000, 0x0000000083b00000| Untracked 
|  60|0x0000000083c00000, 0x0000000083d00000, 0x0000000083d00000|100%| O|  |TAMS 0x0000000083d00000, 0x0000000083c00000| Untracked 
|  61|0x0000000083d00000, 0x0000000083e00000, 0x0000000083e00000|100%| O|  |TAMS 0x0000000083e00000, 0x0000000083d00000| Untracked 
|  62|0x0000000083e00000, 0x0000000083f00000, 0x0000000083f00000|100%| O|  |TAMS 0x0000000083f00000, 0x0000000083e00000| Untracked 
|  63|0x0000000083f00000, 0x0000000084000000, 0x0000000084000000|100%| O|  |TAMS 0x0000000084000000, 0x0000000083f00000| Untracked 
|  64|0x0000000084000000, 0x0000000084100000, 0x0000000084100000|100%| O|  |TAMS 0x0000000084100000, 0x0000000084000000| Untracked 
|  65|0x0000000084100000, 0x0000000084200000, 0x0000000084200000|100%| O|  |TAMS 0x0000000084200000, 0x0000000084100000| Untracked 
|  66|0x0000000084200000, 0x0000000084300000, 0x0000000084300000|100%| O|  |TAMS 0x0000000084300000, 0x0000000084200000| Untracked 
|  67|0x0000000084300000, 0x0000000084400000, 0x0000000084400000|100%| O|  |TAMS 0x0000000084400000, 0x0000000084300000| Untracked 
|  68|0x0000000084400000, 0x0000000084500000, 0x0000000084500000|100%| O|  |TAMS 0x0000000084500000, 0x0000000084400000| Untracked 
|  69|0x0000000084500000, 0x0000000084600000, 0x0000000084600000|100%| O|  |TAMS 0x0000000084600000, 0x0000000084500000| Untracked 
|  70|0x0000000084600000, 0x0000000084700000, 0x0000000084700000|100%| O|  |TAMS 0x0000000084700000, 0x0000000084600000| Untracked 
|  71|0x0000000084700000, 0x0000000084800000, 0x0000000084800000|100%| O|  |TAMS 0x0000000084800000, 0x0000000084700000| Untracked 
|  72|0x0000000084800000, 0x0000000084900000, 0x0000000084900000|100%| O|  |TAMS 0x0000000084900000, 0x0000000084800000| Untracked 
|  73|0x0000000084900000, 0x0000000084a00000, 0x0000000084a00000|100%| O|  |TAMS 0x0000000084a00000, 0x0000000084900000| Untracked 
|  74|0x0000000084a00000, 0x0000000084b00000, 0x0000000084b00000|100%| O|  |TAMS 0x0000000084b00000, 0x0000000084a00000| Untracked 
|  75|0x0000000084b00000, 0x0000000084c00000, 0x0000000084c00000|100%| O|  |TAMS 0x0000000084c00000, 0x0000000084b00000| Untracked 
|  76|0x0000000084c00000, 0x0000000084d00000, 0x0000000084d00000|100%| O|  |TAMS 0x0000000084d00000, 0x0000000084c00000| Untracked 
|  77|0x0000000084d00000, 0x0000000084e00000, 0x0000000084e00000|100%| O|  |TAMS 0x0000000084e00000, 0x0000000084d00000| Untracked 
|  78|0x0000000084e00000, 0x0000000084f00000, 0x0000000084f00000|100%| O|  |TAMS 0x0000000084f00000, 0x0000000084e00000| Untracked 
|  79|0x0000000084f00000, 0x0000000085000000, 0x0000000085000000|100%|HS|  |TAMS 0x0000000085000000, 0x0000000084f00000| Complete 
|  80|0x0000000085000000, 0x0000000085100000, 0x0000000085100000|100%|HC|  |TAMS 0x0000000085100000, 0x0000000085000000| Complete 
|  81|0x0000000085100000, 0x0000000085200000, 0x0000000085200000|100%| O|  |TAMS 0x0000000085200000, 0x0000000085100000| Untracked 
|  82|0x0000000085200000, 0x0000000085300000, 0x0000000085300000|100%| O|  |TAMS 0x0000000085300000, 0x0000000085200000| Untracked 
|  83|0x0000000085300000, 0x0000000085400000, 0x0000000085400000|100%| O|  |TAMS 0x0000000085400000, 0x0000000085300000| Untracked 
|  84|0x0000000085400000, 0x0000000085500000, 0x0000000085500000|100%| O|  |TAMS 0x0000000085500000, 0x0000000085400000| Untracked 
|  85|0x0000000085500000, 0x0000000085600000, 0x0000000085600000|100%| O|  |TAMS 0x0000000085600000, 0x0000000085500000| Untracked 
|  86|0x0000000085600000, 0x0000000085700000, 0x0000000085700000|100%| O|  |TAMS 0x0000000085700000, 0x0000000085600000| Untracked 
|  87|0x0000000085700000, 0x0000000085800000, 0x0000000085800000|100%| O|  |TAMS 0x0000000085800000, 0x0000000085700000| Untracked 
|  88|0x0000000085800000, 0x0000000085900000, 0x0000000085900000|100%| O|  |TAMS 0x0000000085900000, 0x0000000085800000| Untracked 
|  89|0x0000000085900000, 0x0000000085a00000, 0x0000000085a00000|100%| O|  |TAMS 0x0000000085a00000, 0x0000000085900000| Untracked 
|  90|0x0000000085a00000, 0x0000000085b00000, 0x0000000085b00000|100%| O|  |TAMS 0x0000000085b00000, 0x0000000085a00000| Untracked 
|  91|0x0000000085b00000, 0x0000000085c00000, 0x0000000085c00000|100%| O|  |TAMS 0x0000000085c00000, 0x0000000085b00000| Untracked 
|  92|0x0000000085c00000, 0x0000000085d00000, 0x0000000085d00000|100%| O|  |TAMS 0x0000000085d00000, 0x0000000085c00000| Untracked 
|  93|0x0000000085d00000, 0x0000000085e00000, 0x0000000085e00000|100%| O|  |TAMS 0x0000000085e00000, 0x0000000085d00000| Untracked 
|  94|0x0000000085e00000, 0x0000000085f00000, 0x0000000085f00000|100%| O|  |TAMS 0x0000000085f00000, 0x0000000085e00000| Untracked 
|  95|0x0000000085f00000, 0x0000000086000000, 0x0000000086000000|100%| O|  |TAMS 0x0000000086000000, 0x0000000085f00000| Untracked 
|  96|0x0000000086000000, 0x0000000086100000, 0x0000000086100000|100%| O|  |TAMS 0x0000000086100000, 0x0000000086000000| Untracked 
|  97|0x0000000086100000, 0x0000000086200000, 0x0000000086200000|100%|HS|  |TAMS 0x0000000086200000, 0x0000000086100000| Complete 
|  98|0x0000000086200000, 0x0000000086300000, 0x0000000086300000|100%| O|  |TAMS 0x0000000086300000, 0x0000000086200000| Untracked 
|  99|0x0000000086300000, 0x0000000086400000, 0x0000000086400000|100%|HS|  |TAMS 0x0000000086400000, 0x0000000086300000| Complete 
| 100|0x0000000086400000, 0x0000000086500000, 0x0000000086500000|100%|HC|  |TAMS 0x0000000086500000, 0x0000000086400000| Complete 
| 101|0x0000000086500000, 0x0000000086600000, 0x0000000086600000|100%|HC|  |TAMS 0x0000000086600000, 0x0000000086500000| Complete 
| 102|0x0000000086600000, 0x0000000086700000, 0x0000000086700000|100%| O|  |TAMS 0x0000000086700000, 0x0000000086600000| Untracked 
| 103|0x0000000086700000, 0x0000000086800000, 0x0000000086800000|100%|HS|  |TAMS 0x0000000086800000, 0x0000000086700000| Complete 
| 104|0x0000000086800000, 0x0000000086900000, 0x0000000086900000|100%|HC|  |TAMS 0x0000000086900000, 0x0000000086800000| Complete 
| 105|0x0000000086900000, 0x0000000086a00000, 0x0000000086a00000|100%| O|  |TAMS 0x0000000086a00000, 0x0000000086900000| Untracked 
| 106|0x0000000086a00000, 0x0000000086b00000, 0x0000000086b00000|100%| O|  |TAMS 0x0000000086b00000, 0x0000000086a00000| Untracked 
| 107|0x0000000086b00000, 0x0000000086c00000, 0x0000000086c00000|100%| O|  |TAMS 0x0000000086c00000, 0x0000000086b00000| Untracked 
| 108|0x0000000086c00000, 0x0000000086d00000, 0x0000000086d00000|100%| O|  |TAMS 0x0000000086d00000, 0x0000000086c00000| Untracked 
| 109|0x0000000086d00000, 0x0000000086e00000, 0x0000000086e00000|100%| O|  |TAMS 0x0000000086e00000, 0x0000000086d00000| Untracked 
| 110|0x0000000086e00000, 0x0000000086f00000, 0x0000000086f00000|100%| O|  |TAMS 0x0000000086f00000, 0x0000000086e00000| Untracked 
| 111|0x0000000086f00000, 0x0000000087000000, 0x0000000087000000|100%| O|  |TAMS 0x0000000087000000, 0x0000000086f00000| Untracked 
| 112|0x0000000087000000, 0x0000000087100000, 0x0000000087100000|100%| O|  |TAMS 0x0000000087100000, 0x0000000087000000| Untracked 
| 113|0x0000000087100000, 0x0000000087200000, 0x0000000087200000|100%| O|  |TAMS 0x0000000087200000, 0x0000000087100000| Untracked 
| 114|0x0000000087200000, 0x0000000087300000, 0x0000000087300000|100%| O|  |TAMS 0x0000000087300000, 0x0000000087200000| Untracked 
| 115|0x0000000087300000, 0x0000000087400000, 0x0000000087400000|100%| O|  |TAMS 0x0000000087400000, 0x0000000087300000| Untracked 
| 116|0x0000000087400000, 0x0000000087500000, 0x0000000087500000|100%|HS|  |TAMS 0x0000000087500000, 0x0000000087400000| Complete 
| 117|0x0000000087500000, 0x0000000087600000, 0x0000000087600000|100%|HC|  |TAMS 0x0000000087600000, 0x0000000087500000| Complete 
| 118|0x0000000087600000, 0x0000000087700000, 0x0000000087700000|100%|HC|  |TAMS 0x0000000087700000, 0x0000000087600000| Complete 
| 119|0x0000000087700000, 0x0000000087800000, 0x0000000087800000|100%|HS|  |TAMS 0x0000000087800000, 0x0000000087700000| Complete 
| 120|0x0000000087800000, 0x0000000087900000, 0x0000000087900000|100%|HC|  |TAMS 0x0000000087900000, 0x0000000087800000| Complete 
| 121|0x0000000087900000, 0x0000000087a00000, 0x0000000087a00000|100%|HC|  |TAMS 0x0000000087a00000, 0x0000000087900000| Complete 
| 122|0x0000000087a00000, 0x0000000087b00000, 0x0000000087b00000|100%|HC|  |TAMS 0x0000000087b00000, 0x0000000087a00000| Complete 
| 123|0x0000000087b00000, 0x0000000087c00000, 0x0000000087c00000|100%|HC|  |TAMS 0x0000000087c00000, 0x0000000087b00000| Complete 
| 124|0x0000000087c00000, 0x0000000087d00000, 0x0000000087d00000|100%|HS|  |TAMS 0x0000000087d00000, 0x0000000087c00000| Complete 
| 125|0x0000000087d00000, 0x0000000087e00000, 0x0000000087e00000|100%|HC|  |TAMS 0x0000000087e00000, 0x0000000087d00000| Complete 
| 126|0x0000000087e00000, 0x0000000087f00000, 0x0000000087f00000|100%|HC|  |TAMS 0x0000000087f00000, 0x0000000087e00000| Complete 
| 127|0x0000000087f00000, 0x0000000088000000, 0x0000000088000000|100%|HC|  |TAMS 0x0000000088000000, 0x0000000087f00000| Complete 
| 128|0x0000000088000000, 0x0000000088100000, 0x0000000088100000|100%|HS|  |TAMS 0x0000000088100000, 0x0000000088000000| Complete 
| 129|0x0000000088100000, 0x0000000088200000, 0x0000000088200000|100%|HC|  |TAMS 0x0000000088200000, 0x0000000088100000| Complete 
| 130|0x0000000088200000, 0x0000000088300000, 0x0000000088300000|100%|HC|  |TAMS 0x0000000088300000, 0x0000000088200000| Complete 
| 131|0x0000000088300000, 0x0000000088400000, 0x0000000088400000|100%|HC|  |TAMS 0x0000000088400000, 0x0000000088300000| Complete 
| 132|0x0000000088400000, 0x0000000088500000, 0x0000000088500000|100%|HS|  |TAMS 0x0000000088500000, 0x0000000088400000| Complete 
| 133|0x0000000088500000, 0x0000000088600000, 0x0000000088600000|100%|HC|  |TAMS 0x0000000088600000, 0x0000000088500000| Complete 
| 134|0x0000000088600000, 0x0000000088700000, 0x0000000088700000|100%|HC|  |TAMS 0x0000000088700000, 0x0000000088600000| Complete 
| 135|0x0000000088700000, 0x0000000088800000, 0x0000000088800000|100%|HS|  |TAMS 0x0000000088800000, 0x0000000088700000| Complete 
| 136|0x0000000088800000, 0x0000000088900000, 0x0000000088900000|100%|HC|  |TAMS 0x0000000088900000, 0x0000000088800000| Complete 
| 137|0x0000000088900000, 0x0000000088a00000, 0x0000000088a00000|100%|HC|  |TAMS 0x0000000088a00000, 0x0000000088900000| Complete 
| 138|0x0000000088a00000, 0x0000000088b00000, 0x0000000088b00000|100%|HS|  |TAMS 0x0000000088b00000, 0x0000000088a00000| Complete 
| 139|0x0000000088b00000, 0x0000000088c00000, 0x0000000088c00000|100%|HC|  |TAMS 0x0000000088c00000, 0x0000000088b00000| Complete 
| 140|0x0000000088c00000, 0x0000000088d00000, 0x0000000088d00000|100%|HC|  |TAMS 0x0000000088d00000, 0x0000000088c00000| Complete 
| 141|0x0000000088d00000, 0x0000000088e00000, 0x0000000088e00000|100%|HC|  |TAMS 0x0000000088e00000, 0x0000000088d00000| Complete 
| 142|0x0000000088e00000, 0x0000000088f00000, 0x0000000088f00000|100%|HC|  |TAMS 0x0000000088f00000, 0x0000000088e00000| Complete 
| 143|0x0000000088f00000, 0x0000000089000000, 0x0000000089000000|100%| O|  |TAMS 0x0000000089000000, 0x0000000088f00000| Untracked 
| 144|0x0000000089000000, 0x0000000089100000, 0x0000000089100000|100%| O|  |TAMS 0x0000000089100000, 0x0000000089000000| Untracked 
| 145|0x0000000089100000, 0x0000000089200000, 0x0000000089200000|100%| O|  |TAMS 0x0000000089200000, 0x0000000089100000| Untracked 
| 146|0x0000000089200000, 0x0000000089300000, 0x0000000089300000|100%| O|  |TAMS 0x0000000089300000, 0x0000000089200000| Untracked 
| 147|0x0000000089300000, 0x0000000089400000, 0x0000000089400000|100%| O|  |TAMS 0x0000000089400000, 0x0000000089300000| Untracked 
| 148|0x0000000089400000, 0x0000000089500000, 0x0000000089500000|100%| O|  |TAMS 0x0000000089500000, 0x0000000089400000| Untracked 
| 149|0x0000000089500000, 0x0000000089600000, 0x0000000089600000|100%| O|  |TAMS 0x0000000089600000, 0x0000000089500000| Untracked 
| 150|0x0000000089600000, 0x0000000089700000, 0x0000000089700000|100%| O|  |TAMS 0x0000000089600000, 0x0000000089600000| Untracked 
| 151|0x0000000089700000, 0x0000000089800000, 0x0000000089800000|100%| O|  |TAMS 0x0000000089800000, 0x0000000089700000| Untracked 
| 152|0x0000000089800000, 0x0000000089900000, 0x0000000089900000|100%| O|  |TAMS 0x0000000089900000, 0x0000000089800000| Untracked 
| 153|0x0000000089900000, 0x0000000089a00000, 0x0000000089a00000|100%| O|  |TAMS 0x0000000089a00000, 0x0000000089900000| Untracked 
| 154|0x0000000089a00000, 0x0000000089b00000, 0x0000000089b00000|100%| O|  |TAMS 0x0000000089b00000, 0x0000000089a00000| Untracked 
| 155|0x0000000089b00000, 0x0000000089c00000, 0x0000000089c00000|100%| O|  |TAMS 0x0000000089c00000, 0x0000000089b00000| Untracked 
| 156|0x0000000089c00000, 0x0000000089d00000, 0x0000000089d00000|100%| O|  |TAMS 0x0000000089d00000, 0x0000000089c00000| Untracked 
| 157|0x0000000089d00000, 0x0000000089e00000, 0x0000000089e00000|100%| O|  |TAMS 0x0000000089e00000, 0x0000000089d00000| Untracked 
| 158|0x0000000089e00000, 0x0000000089f00000, 0x0000000089f00000|100%| O|  |TAMS 0x0000000089f00000, 0x0000000089e00000| Untracked 
| 159|0x0000000089f00000, 0x000000008a000000, 0x000000008a000000|100%| O|  |TAMS 0x000000008a000000, 0x0000000089f00000| Untracked 
| 160|0x000000008a000000, 0x000000008a100000, 0x000000008a100000|100%| O|  |TAMS 0x000000008a100000, 0x000000008a000000| Untracked 
| 161|0x000000008a100000, 0x000000008a200000, 0x000000008a200000|100%|HS|  |TAMS 0x000000008a200000, 0x000000008a100000| Complete 
| 162|0x000000008a200000, 0x000000008a300000, 0x000000008a300000|100%|HC|  |TAMS 0x000000008a300000, 0x000000008a200000| Complete 
| 163|0x000000008a300000, 0x000000008a400000, 0x000000008a400000|100%|HS|  |TAMS 0x000000008a400000, 0x000000008a300000| Complete 
| 164|0x000000008a400000, 0x000000008a500000, 0x000000008a500000|100%|HC|  |TAMS 0x000000008a500000, 0x000000008a400000| Complete 
| 165|0x000000008a500000, 0x000000008a600000, 0x000000008a600000|100%|HC|  |TAMS 0x000000008a600000, 0x000000008a500000| Complete 
| 166|0x000000008a600000, 0x000000008a700000, 0x000000008a700000|100%|HS|  |TAMS 0x000000008a700000, 0x000000008a600000| Complete 
| 167|0x000000008a700000, 0x000000008a800000, 0x000000008a800000|100%|HC|  |TAMS 0x000000008a800000, 0x000000008a700000| Complete 
| 168|0x000000008a800000, 0x000000008a900000, 0x000000008a900000|100%|HC|  |TAMS 0x000000008a900000, 0x000000008a800000| Complete 
| 169|0x000000008a900000, 0x000000008aa00000, 0x000000008aa00000|100%|HS|  |TAMS 0x000000008aa00000, 0x000000008a900000| Complete 
| 170|0x000000008aa00000, 0x000000008ab00000, 0x000000008ab00000|100%|HC|  |TAMS 0x000000008ab00000, 0x000000008aa00000| Complete 
| 171|0x000000008ab00000, 0x000000008ac00000, 0x000000008ac00000|100%|HC|  |TAMS 0x000000008ac00000, 0x000000008ab00000| Complete 
| 172|0x000000008ac00000, 0x000000008ad00000, 0x000000008ad00000|100%|HC|  |TAMS 0x000000008ad00000, 0x000000008ac00000| Complete 
| 173|0x000000008ad00000, 0x000000008ae00000, 0x000000008ae00000|100%|HC|  |TAMS 0x000000008ae00000, 0x000000008ad00000| Complete 
| 174|0x000000008ae00000, 0x000000008af00000, 0x000000008af00000|100%|HS|  |TAMS 0x000000008af00000, 0x000000008ae00000| Complete 
| 175|0x000000008af00000, 0x000000008b000000, 0x000000008b000000|100%|HC|  |TAMS 0x000000008b000000, 0x000000008af00000| Complete 
| 176|0x000000008b000000, 0x000000008b100000, 0x000000008b100000|100%|HC|  |TAMS 0x000000008b100000, 0x000000008b000000| Complete 
| 177|0x000000008b100000, 0x000000008b200000, 0x000000008b200000|100%|HC|  |TAMS 0x000000008b200000, 0x000000008b100000| Complete 
| 178|0x000000008b200000, 0x000000008b300000, 0x000000008b300000|100%| O|  |TAMS 0x000000008b300000, 0x000000008b200000| Untracked 
| 179|0x000000008b300000, 0x000000008b400000, 0x000000008b400000|100%| O|  |TAMS 0x000000008b400000, 0x000000008b300000| Untracked 
| 180|0x000000008b400000, 0x000000008b500000, 0x000000008b500000|100%| O|  |TAMS 0x000000008b500000, 0x000000008b400000| Untracked 
| 181|0x000000008b500000, 0x000000008b600000, 0x000000008b600000|100%| O|  |TAMS 0x000000008b600000, 0x000000008b500000| Untracked 
| 182|0x000000008b600000, 0x000000008b700000, 0x000000008b700000|100%| O|  |TAMS 0x000000008b600000, 0x000000008b600000| Untracked 
| 183|0x000000008b700000, 0x000000008b800000, 0x000000008b800000|100%| O|  |TAMS 0x000000008b800000, 0x000000008b700000| Untracked 
| 184|0x000000008b800000, 0x000000008b900000, 0x000000008b900000|100%| O|  |TAMS 0x000000008b900000, 0x000000008b800000| Untracked 
| 185|0x000000008b900000, 0x000000008ba00000, 0x000000008ba00000|100%| O|  |TAMS 0x000000008ba00000, 0x000000008b900000| Untracked 
| 186|0x000000008ba00000, 0x000000008bb00000, 0x000000008bb00000|100%| O|  |TAMS 0x000000008ba4f600, 0x000000008ba00000| Untracked 
| 187|0x000000008bb00000, 0x000000008bc00000, 0x000000008bc00000|100%| O|  |TAMS 0x000000008bb00000, 0x000000008bb00000| Untracked 
| 188|0x000000008bc00000, 0x000000008bd00000, 0x000000008bd00000|100%| O|  |TAMS 0x000000008bc00000, 0x000000008bc00000| Untracked 
| 189|0x000000008bd00000, 0x000000008be00000, 0x000000008be00000|100%| O|  |TAMS 0x000000008bd00000, 0x000000008bd00000| Untracked 
| 190|0x000000008be00000, 0x000000008bf00000, 0x000000008bf00000|100%| O|  |TAMS 0x000000008be00000, 0x000000008be00000| Untracked 
| 191|0x000000008bf00000, 0x000000008bf39000, 0x000000008c000000| 22%| O|  |TAMS 0x000000008bf00000, 0x000000008bf00000| Untracked 
| 192|0x000000008c000000, 0x000000008c000000, 0x000000008c100000|  0%| F|  |TAMS 0x000000008c000000, 0x000000008c000000| Untracked 
| 193|0x000000008c100000, 0x000000008c100000, 0x000000008c200000|  0%| F|  |TAMS 0x000000008c100000, 0x000000008c100000| Untracked 
| 194|0x000000008c200000, 0x000000008c200000, 0x000000008c300000|  0%| F|  |TAMS 0x000000008c200000, 0x000000008c200000| Untracked 
| 195|0x000000008c300000, 0x000000008c300000, 0x000000008c400000|  0%| F|  |TAMS 0x000000008c300000, 0x000000008c300000| Untracked 
| 196|0x000000008c400000, 0x000000008c400000, 0x000000008c500000|  0%| F|  |TAMS 0x000000008c400000, 0x000000008c400000| Untracked 
| 197|0x000000008c500000, 0x000000008c500000, 0x000000008c600000|  0%| F|  |TAMS 0x000000008c500000, 0x000000008c500000| Untracked 
| 198|0x000000008c600000, 0x000000008c600000, 0x000000008c700000|  0%| F|  |TAMS 0x000000008c600000, 0x000000008c600000| Untracked 
| 199|0x000000008c700000, 0x000000008c700000, 0x000000008c800000|  0%| F|  |TAMS 0x000000008c700000, 0x000000008c700000| Untracked 
| 200|0x000000008c800000, 0x000000008c800000, 0x000000008c900000|  0%| F|  |TAMS 0x000000008c800000, 0x000000008c800000| Untracked 
| 201|0x000000008c900000, 0x000000008c900000, 0x000000008ca00000|  0%| F|  |TAMS 0x000000008c900000, 0x000000008c900000| Untracked 
| 202|0x000000008ca00000, 0x000000008ca00000, 0x000000008cb00000|  0%| F|  |TAMS 0x000000008ca00000, 0x000000008ca00000| Untracked 
| 203|0x000000008cb00000, 0x000000008cb00000, 0x000000008cc00000|  0%| F|  |TAMS 0x000000008cb00000, 0x000000008cb00000| Untracked 
| 204|0x000000008cc00000, 0x000000008cc00000, 0x000000008cd00000|  0%| F|  |TAMS 0x000000008cc00000, 0x000000008cc00000| Untracked 
| 205|0x000000008cd00000, 0x000000008cd00000, 0x000000008ce00000|  0%| F|  |TAMS 0x000000008cd00000, 0x000000008cd00000| Untracked 
| 206|0x000000008ce00000, 0x000000008ce00000, 0x000000008cf00000|  0%| F|  |TAMS 0x000000008ce00000, 0x000000008ce00000| Untracked 
| 207|0x000000008cf00000, 0x000000008cf00000, 0x000000008d000000|  0%| F|  |TAMS 0x000000008cf00000, 0x000000008cf00000| Untracked 
| 208|0x000000008d000000, 0x000000008d000000, 0x000000008d100000|  0%| F|  |TAMS 0x000000008d000000, 0x000000008d000000| Untracked 
| 209|0x000000008d100000, 0x000000008d100000, 0x000000008d200000|  0%| F|  |TAMS 0x000000008d100000, 0x000000008d100000| Untracked 
| 210|0x000000008d200000, 0x000000008d200000, 0x000000008d300000|  0%| F|  |TAMS 0x000000008d200000, 0x000000008d200000| Untracked 
| 211|0x000000008d300000, 0x000000008d300000, 0x000000008d400000|  0%| F|  |TAMS 0x000000008d300000, 0x000000008d300000| Untracked 
| 212|0x000000008d400000, 0x000000008d400000, 0x000000008d500000|  0%| F|  |TAMS 0x000000008d400000, 0x000000008d400000| Untracked 
| 213|0x000000008d500000, 0x000000008d500000, 0x000000008d600000|  0%| F|  |TAMS 0x000000008d500000, 0x000000008d500000| Untracked 
| 214|0x000000008d600000, 0x000000008d600000, 0x000000008d700000|  0%| F|  |TAMS 0x000000008d600000, 0x000000008d600000| Untracked 
| 215|0x000000008d700000, 0x000000008d700000, 0x000000008d800000|  0%| F|  |TAMS 0x000000008d700000, 0x000000008d700000| Untracked 
| 216|0x000000008d800000, 0x000000008d800000, 0x000000008d900000|  0%| F|  |TAMS 0x000000008d800000, 0x000000008d800000| Untracked 
| 217|0x000000008d900000, 0x000000008d900000, 0x000000008da00000|  0%| F|  |TAMS 0x000000008d900000, 0x000000008d900000| Untracked 
| 218|0x000000008da00000, 0x000000008da00000, 0x000000008db00000|  0%| F|  |TAMS 0x000000008da00000, 0x000000008da00000| Untracked 
| 219|0x000000008db00000, 0x000000008db00000, 0x000000008dc00000|  0%| F|  |TAMS 0x000000008db00000, 0x000000008db00000| Untracked 
| 220|0x000000008dc00000, 0x000000008dc00000, 0x000000008dd00000|  0%| F|  |TAMS 0x000000008dc00000, 0x000000008dc00000| Untracked 
| 221|0x000000008dd00000, 0x000000008dd00000, 0x000000008de00000|  0%| F|  |TAMS 0x000000008dd00000, 0x000000008dd00000| Untracked 
| 222|0x000000008de00000, 0x000000008de00000, 0x000000008df00000|  0%| F|  |TAMS 0x000000008de00000, 0x000000008de00000| Untracked 
| 223|0x000000008df00000, 0x000000008df00000, 0x000000008e000000|  0%| F|  |TAMS 0x000000008df00000, 0x000000008df00000| Untracked 
| 224|0x000000008e000000, 0x000000008e000000, 0x000000008e100000|  0%| F|  |TAMS 0x000000008e000000, 0x000000008e000000| Untracked 
| 225|0x000000008e100000, 0x000000008e100000, 0x000000008e200000|  0%| F|  |TAMS 0x000000008e100000, 0x000000008e100000| Untracked 
| 226|0x000000008e200000, 0x000000008e200000, 0x000000008e300000|  0%| F|  |TAMS 0x000000008e200000, 0x000000008e200000| Untracked 
| 227|0x000000008e300000, 0x000000008e300000, 0x000000008e400000|  0%| F|  |TAMS 0x000000008e300000, 0x000000008e300000| Untracked 
| 228|0x000000008e400000, 0x000000008e400000, 0x000000008e500000|  0%| F|  |TAMS 0x000000008e400000, 0x000000008e400000| Untracked 
| 229|0x000000008e500000, 0x000000008e500000, 0x000000008e600000|  0%| F|  |TAMS 0x000000008e500000, 0x000000008e500000| Untracked 
| 230|0x000000008e600000, 0x000000008e600000, 0x000000008e700000|  0%| F|  |TAMS 0x000000008e600000, 0x000000008e600000| Untracked 
| 231|0x000000008e700000, 0x000000008e700000, 0x000000008e800000|  0%| F|  |TAMS 0x000000008e700000, 0x000000008e700000| Untracked 
| 232|0x000000008e800000, 0x000000008e800000, 0x000000008e900000|  0%| F|  |TAMS 0x000000008e800000, 0x000000008e800000| Untracked 
| 233|0x000000008e900000, 0x000000008e900000, 0x000000008ea00000|  0%| F|  |TAMS 0x000000008e900000, 0x000000008e900000| Untracked 
| 234|0x000000008ea00000, 0x000000008ea00000, 0x000000008eb00000|  0%| F|  |TAMS 0x000000008ea00000, 0x000000008ea00000| Untracked 
| 235|0x000000008eb00000, 0x000000008eb00000, 0x000000008ec00000|  0%| F|  |TAMS 0x000000008eb00000, 0x000000008eb00000| Untracked 
| 236|0x000000008ec00000, 0x000000008ec00000, 0x000000008ed00000|  0%| F|  |TAMS 0x000000008ec00000, 0x000000008ec00000| Untracked 
| 237|0x000000008ed00000, 0x000000008ed00000, 0x000000008ee00000|  0%| F|  |TAMS 0x000000008ed00000, 0x000000008ed00000| Untracked 
| 238|0x000000008ee00000, 0x000000008ee00000, 0x000000008ef00000|  0%| F|  |TAMS 0x000000008ee00000, 0x000000008ee00000| Untracked 
| 239|0x000000008ef00000, 0x000000008ef00000, 0x000000008f000000|  0%| F|  |TAMS 0x000000008ef00000, 0x000000008ef00000| Untracked 
| 240|0x000000008f000000, 0x000000008f000000, 0x000000008f100000|  0%| F|  |TAMS 0x000000008f000000, 0x000000008f000000| Untracked 
| 241|0x000000008f100000, 0x000000008f100000, 0x000000008f200000|  0%| F|  |TAMS 0x000000008f100000, 0x000000008f100000| Untracked 
| 242|0x000000008f200000, 0x000000008f300000, 0x000000008f300000|100%| S|CS|TAMS 0x000000008f200000, 0x000000008f200000| Complete 
| 243|0x000000008f300000, 0x000000008f400000, 0x000000008f400000|100%| S|CS|TAMS 0x000000008f300000, 0x000000008f300000| Complete 
| 244|0x000000008f400000, 0x000000008f500000, 0x000000008f500000|100%| S|CS|TAMS 0x000000008f400000, 0x000000008f400000| Complete 
| 245|0x000000008f500000, 0x000000008f600000, 0x000000008f600000|100%| S|CS|TAMS 0x000000008f500000, 0x000000008f500000| Complete 
| 246|0x000000008f600000, 0x000000008f700000, 0x000000008f700000|100%| S|CS|TAMS 0x000000008f600000, 0x000000008f600000| Complete 
| 247|0x000000008f700000, 0x000000008f700000, 0x000000008f800000|  0%| F|  |TAMS 0x000000008f700000, 0x000000008f700000| Untracked 
| 248|0x000000008f800000, 0x000000008f800000, 0x000000008f900000|  0%| F|  |TAMS 0x000000008f800000, 0x000000008f800000| Untracked 
| 249|0x000000008f900000, 0x000000008f900000, 0x000000008fa00000|  0%| F|  |TAMS 0x000000008f900000, 0x000000008f900000| Untracked 
| 250|0x000000008fa00000, 0x000000008fa00000, 0x000000008fb00000|  0%| F|  |TAMS 0x000000008fa00000, 0x000000008fa00000| Untracked 
| 251|0x000000008fb00000, 0x000000008fb00000, 0x000000008fc00000|  0%| F|  |TAMS 0x000000008fb00000, 0x000000008fb00000| Untracked 
| 252|0x000000008fc00000, 0x000000008fc00000, 0x000000008fd00000|  0%| F|  |TAMS 0x000000008fc00000, 0x000000008fc00000| Untracked 
| 253|0x000000008fd00000, 0x000000008fd00000, 0x000000008fe00000|  0%| F|  |TAMS 0x000000008fd00000, 0x000000008fd00000| Untracked 
| 254|0x000000008fe00000, 0x000000008fe00000, 0x000000008ff00000|  0%| F|  |TAMS 0x000000008fe00000, 0x000000008fe00000| Untracked 
| 255|0x000000008ff00000, 0x000000008ff00000, 0x0000000090000000|  0%| F|  |TAMS 0x000000008ff00000, 0x000000008ff00000| Untracked 
| 256|0x0000000090000000, 0x0000000090000000, 0x0000000090100000|  0%| F|  |TAMS 0x0000000090000000, 0x0000000090000000| Untracked 
| 257|0x0000000090100000, 0x0000000090100000, 0x0000000090200000|  0%| F|  |TAMS 0x0000000090100000, 0x0000000090100000| Untracked 
| 258|0x0000000090200000, 0x0000000090200000, 0x0000000090300000|  0%| F|  |TAMS 0x0000000090200000, 0x0000000090200000| Untracked 
| 259|0x0000000090300000, 0x0000000090300000, 0x0000000090400000|  0%| F|  |TAMS 0x0000000090300000, 0x0000000090300000| Untracked 
| 260|0x0000000090400000, 0x0000000090400000, 0x0000000090500000|  0%| F|  |TAMS 0x0000000090400000, 0x0000000090400000| Untracked 
| 261|0x0000000090500000, 0x0000000090500000, 0x0000000090600000|  0%| F|  |TAMS 0x0000000090500000, 0x0000000090500000| Untracked 
| 262|0x0000000090600000, 0x0000000090600000, 0x0000000090700000|  0%| F|  |TAMS 0x0000000090600000, 0x0000000090600000| Untracked 
| 263|0x0000000090700000, 0x0000000090700000, 0x0000000090800000|  0%| F|  |TAMS 0x0000000090700000, 0x0000000090700000| Untracked 
| 264|0x0000000090800000, 0x0000000090800000, 0x0000000090900000|  0%| F|  |TAMS 0x0000000090800000, 0x0000000090800000| Untracked 
| 265|0x0000000090900000, 0x0000000090900000, 0x0000000090a00000|  0%| F|  |TAMS 0x0000000090900000, 0x0000000090900000| Untracked 
| 266|0x0000000090a00000, 0x0000000090a00000, 0x0000000090b00000|  0%| F|  |TAMS 0x0000000090a00000, 0x0000000090a00000| Untracked 
| 267|0x0000000090b00000, 0x0000000090b00000, 0x0000000090c00000|  0%| F|  |TAMS 0x0000000090b00000, 0x0000000090b00000| Untracked 
| 268|0x0000000090c00000, 0x0000000090c00000, 0x0000000090d00000|  0%| F|  |TAMS 0x0000000090c00000, 0x0000000090c00000| Untracked 
| 269|0x0000000090d00000, 0x0000000090d00000, 0x0000000090e00000|  0%| F|  |TAMS 0x0000000090d00000, 0x0000000090d00000| Untracked 
| 270|0x0000000090e00000, 0x0000000090e00000, 0x0000000090f00000|  0%| F|  |TAMS 0x0000000090e00000, 0x0000000090e00000| Untracked 
| 271|0x0000000090f00000, 0x0000000090f00000, 0x0000000091000000|  0%| F|  |TAMS 0x0000000090f00000, 0x0000000090f00000| Untracked 
| 272|0x0000000091000000, 0x0000000091000000, 0x0000000091100000|  0%| F|  |TAMS 0x0000000091000000, 0x0000000091000000| Untracked 
| 273|0x0000000091100000, 0x0000000091100000, 0x0000000091200000|  0%| F|  |TAMS 0x0000000091100000, 0x0000000091100000| Untracked 
| 274|0x0000000091200000, 0x0000000091200000, 0x0000000091300000|  0%| F|  |TAMS 0x0000000091200000, 0x0000000091200000| Untracked 
| 275|0x0000000091300000, 0x0000000091300000, 0x0000000091400000|  0%| F|  |TAMS 0x0000000091300000, 0x0000000091300000| Untracked 
| 276|0x0000000091400000, 0x0000000091400000, 0x0000000091500000|  0%| F|  |TAMS 0x0000000091400000, 0x0000000091400000| Untracked 
| 277|0x0000000091500000, 0x0000000091500000, 0x0000000091600000|  0%| F|  |TAMS 0x0000000091500000, 0x0000000091500000| Untracked 
| 278|0x0000000091600000, 0x0000000091600000, 0x0000000091700000|  0%| F|  |TAMS 0x0000000091600000, 0x0000000091600000| Untracked 
| 279|0x0000000091700000, 0x0000000091700000, 0x0000000091800000|  0%| F|  |TAMS 0x0000000091700000, 0x0000000091700000| Untracked 
| 280|0x0000000091800000, 0x0000000091800000, 0x0000000091900000|  0%| F|  |TAMS 0x0000000091800000, 0x0000000091800000| Untracked 
| 281|0x0000000091900000, 0x0000000091900000, 0x0000000091a00000|  0%| F|  |TAMS 0x0000000091900000, 0x0000000091900000| Untracked 
| 282|0x0000000091a00000, 0x0000000091a00000, 0x0000000091b00000|  0%| F|  |TAMS 0x0000000091a00000, 0x0000000091a00000| Untracked 
| 283|0x0000000091b00000, 0x0000000091b00000, 0x0000000091c00000|  0%| F|  |TAMS 0x0000000091b00000, 0x0000000091b00000| Untracked 
| 284|0x0000000091c00000, 0x0000000091c00000, 0x0000000091d00000|  0%| F|  |TAMS 0x0000000091c00000, 0x0000000091c00000| Untracked 
| 285|0x0000000091d00000, 0x0000000091d00000, 0x0000000091e00000|  0%| F|  |TAMS 0x0000000091d00000, 0x0000000091d00000| Untracked 

Card table byte_map: [0x0000016929360000,0x0000016929760000] _byte_map_base: 0x0000016928f60000

Marking Bits (Prev, Next): (CMBitMap*) 0x00000169164880a0, (CMBitMap*) 0x0000016916488068
 Prev Bits: [0x000001692bb60000, 0x000001692db60000)
 Next Bits: [0x0000016929b60000, 0x000001692bb60000)

Polling page: 0x0000016914420000

Metaspace:

Usage:
  Non-class:    142.93 MB capacity,   140.11 MB ( 98%) used,     2.33 MB (  2%) free+waste,   506.38 KB ( <1%) overhead. 
      Class:     21.95 MB capacity,    20.43 MB ( 93%) used,     1.31 MB (  6%) free+waste,   223.06 KB ( <1%) overhead. 
       Both:    164.88 MB capacity,   160.54 MB ( 97%) used,     3.63 MB (  2%) free+waste,   729.44 KB ( <1%) overhead. 

Virtual space:
  Non-class space:      144.00 MB reserved,     142.95 MB (>99%) committed 
      Class space:        1.00 GB reserved,      22.00 MB (  2%) committed 
             Both:        1.14 GB reserved,     164.95 MB ( 14%) committed 

Chunk freelists:
   Non-Class:  1.00 KB
       Class:  0 bytes
        Both:  1.00 KB

MaxMetaspaceSize: 17179869184.00 GB
CompressedClassSpaceSize: 1.00 GB
Initial GC threshold: 20.80 MB
Current GC threshold: 267.42 MB
CDS: off

CodeHeap 'non-profiled nmethods': size=120064Kb used=15013Kb max_used=15139Kb free=105050Kb
 bounds [0x0000016921a20000, 0x0000016922920000, 0x0000016928f60000]
CodeHeap 'profiled nmethods': size=120000Kb used=48647Kb max_used=49948Kb free=71352Kb
 bounds [0x000001691a4f0000, 0x000001691d5d0000, 0x0000016921a20000]
CodeHeap 'non-nmethods': size=5696Kb used=2501Kb max_used=2553Kb free=3194Kb
 bounds [0x0000016919f60000, 0x000001691a1f0000, 0x000001691a4f0000]
 total_blobs=22035 nmethods=20991 adapters=954
 compilation: enabled
              stopped_count=0, restarted_count=0
 full_count=0

Compilation events (20 events):
Event: 808.717 Thread 0x0000016930071800 nmethod 23658 0x000001691b5cf210 code [0x000001691b5cf460, 0x000001691b5cfd88]
Event: 808.720 Thread 0x0000016930071800 23660       2       org.gradle.internal.component.external.model.DefaultConfigurationMetadata::getCapabilities (28 bytes)
Event: 808.720 Thread 0x0000016930071800 nmethod 23660 0x000001691be5a890 code [0x000001691be5aa40, 0x000001691be5abc8]
Event: 808.724 Thread 0x0000016930071800 23661       3       org.gradle.internal.component.external.model.VariantMetadataRules::applyCapabilitiesRules (86 bytes)
Event: 808.725 Thread 0x0000016930071800 nmethod 23661 0x000001691b7d4d90 code [0x000001691b7d5060, 0x000001691b7d5e98]
Event: 808.729 Thread 0x000001693ab3a000 nmethod 23655 0x000001692219b390 code [0x000001692219b580, 0x000001692219c368]
Event: 808.729 Thread 0x000001693ab3a000 23659       4       org.gradle.internal.component.external.model.ModuleComponentFileArtifactIdentifier::getComponentIdentifier (8 bytes)
Event: 808.730 Thread 0x000001693ab3a000 nmethod 23659 0x0000016921f14910 code [0x0000016921f14aa0, 0x0000016921f14b38]
Event: 808.745 Thread 0x000001693006a800 nmethod 23657 0x00000169221f8290 code [0x00000169221f84a0, 0x00000169221f9198]
Event: 808.860 Thread 0x000001693ab3a000 23662       4       org.gradle.api.internal.artifacts.ModuleComponentSelectorSerializer::readVersionConstraint (91 bytes)
Event: 808.860 Thread 0x000001693006a800 23663       4       org.gradle.api.internal.artifacts.ModuleComponentSelectorSerializer::readCapabilities (70 bytes)
Event: 808.864 Thread 0x000001693006a800 nmethod 23663 0x0000016921f14290 code [0x0000016921f14480, 0x0000016921f14670]
Event: 808.909 Thread 0x000001693ab3a000 nmethod 23662 0x000001692207d890 code [0x000001692207dba0, 0x000001692207ed38]
Event: 808.931 Thread 0x000001693006a800 23664       4       org.gradle.api.internal.artifacts.ivyservice.modulecache.ModuleMetadataSerializer$Reader::readNullableArtifact (51 bytes)
Event: 808.935 Thread 0x0000016930071800 23665       3       org.gradle.internal.component.external.model.maven.DefaultMavenModuleResolveMetadata::getArtifactsForConfiguration (95 bytes)
Event: 808.937 Thread 0x0000016930071800 nmethod 23665 0x000001691be13310 code [0x000001691be135e0, 0x000001691be14458]
Event: 808.937 Thread 0x000001693ab3a000 23666       4       java.util.Collections$2::characteristics (33 bytes)
Event: 808.937 Thread 0x000001693ab3a000 nmethod 23666 0x0000016921f13f90 code [0x0000016921f14120, 0x0000016921f14198]
Event: 808.937 Thread 0x000001693ab3a000 23667       4       org.gradle.internal.component.external.model.DefaultConfigurationMetadata::getAttributes (5 bytes)
Event: 808.940 Thread 0x000001693ab3a000 nmethod 23667 0x0000016921fda990 code [0x0000016921fdab20, 0x0000016921fdacd8]

GC Heap History (20 events):
Event: 750.443 GC heap after
{Heap after GC invocations=75 (full 0):
 garbage-first heap   total 227328K, used 189079K [0x0000000080000000, 0x0000000100000000)
  region size 1024K, 1 young (1024K), 1 survivors (1024K)
 Metaspace       used 152665K, capacity 156960K, committed 157264K, reserved 1185792K
  class space    used 19527K, capacity 21060K, committed 21120K, reserved 1048576K
}
Event: 750.479 GC heap before
{Heap before GC invocations=75 (full 0):
 garbage-first heap   total 227328K, used 198295K [0x0000000080000000, 0x0000000100000000)
  region size 1024K, 11 young (11264K), 1 survivors (1024K)
 Metaspace       used 152984K, capacity 157248K, committed 157520K, reserved 1185792K
  class space    used 19561K, capacity 21092K, committed 21120K, reserved 1048576K
}
Event: 750.483 GC heap after
{Heap after GC invocations=76 (full 0):
 garbage-first heap   total 227328K, used 189154K [0x0000000080000000, 0x0000000100000000)
  region size 1024K, 1 young (1024K), 1 survivors (1024K)
 Metaspace       used 152984K, capacity 157248K, committed 157520K, reserved 1185792K
  class space    used 19561K, capacity 21092K, committed 21120K, reserved 1048576K
}
Event: 750.517 GC heap before
{Heap before GC invocations=76 (full 0):
 garbage-first heap   total 227328K, used 199394K [0x0000000080000000, 0x0000000100000000)
  region size 1024K, 11 young (11264K), 1 survivors (1024K)
 Metaspace       used 153290K, capacity 157536K, committed 157904K, reserved 1185792K
  class space    used 19605K, capacity 21124K, committed 21248K, reserved 1048576K
}
Event: 750.521 GC heap after
{Heap after GC invocations=77 (full 0):
 garbage-first heap   total 227328K, used 189039K [0x0000000080000000, 0x0000000100000000)
  region size 1024K, 1 young (1024K), 1 survivors (1024K)
 Metaspace       used 153290K, capacity 157536K, committed 157904K, reserved 1185792K
  class space    used 19605K, capacity 21124K, committed 21248K, reserved 1048576K
}
Event: 750.603 GC heap before
{Heap before GC invocations=77 (full 0):
 garbage-first heap   total 227328K, used 198255K [0x0000000080000000, 0x0000000100000000)
  region size 1024K, 11 young (11264K), 1 survivors (1024K)
 Metaspace       used 153937K, capacity 158176K, committed 158416K, reserved 1185792K
  class space    used 19673K, capacity 21188K, committed 21248K, reserved 1048576K
}
Event: 750.605 GC heap after
{Heap after GC invocations=78 (full 0):
 garbage-first heap   total 227328K, used 189386K [0x0000000080000000, 0x0000000100000000)
  region size 1024K, 1 young (1024K), 1 survivors (1024K)
 Metaspace       used 153937K, capacity 158176K, committed 158416K, reserved 1185792K
  class space    used 19673K, capacity 21188K, committed 21248K, reserved 1048576K
}
Event: 750.826 GC heap before
{Heap before GC invocations=78 (full 0):
 garbage-first heap   total 227328K, used 199626K [0x0000000080000000, 0x0000000100000000)
  region size 1024K, 11 young (11264K), 1 survivors (1024K)
 Metaspace       used 156307K, capacity 160550K, committed 160720K, reserved 1187840K
  class space    used 19901K, capacity 21381K, committed 21504K, reserved 1048576K
}
Event: 750.831 GC heap after
{Heap after GC invocations=79 (full 0):
 garbage-first heap   total 227328K, used 189381K [0x0000000080000000, 0x0000000100000000)
  region size 1024K, 1 young (1024K), 1 survivors (1024K)
 Metaspace       used 156307K, capacity 160550K, committed 160720K, reserved 1187840K
  class space    used 19901K, capacity 21381K, committed 21504K, reserved 1048576K
}
Event: 750.955 GC heap before
{Heap before GC invocations=80 (full 0):
 garbage-first heap   total 227328K, used 199621K [0x0000000080000000, 0x0000000100000000)
  region size 1024K, 11 young (11264K), 1 survivors (1024K)
 Metaspace       used 157509K, capacity 161743K, committed 161872K, reserved 1189888K
  class space    used 20107K, capacity 21607K, committed 21632K, reserved 1048576K
}
Event: 750.959 GC heap after
{Heap after GC invocations=81 (full 0):
 garbage-first heap   total 227328K, used 189644K [0x0000000080000000, 0x0000000100000000)
  region size 1024K, 1 young (1024K), 1 survivors (1024K)
 Metaspace       used 157509K, capacity 161743K, committed 161872K, reserved 1189888K
  class space    used 20107K, capacity 21607K, committed 21632K, reserved 1048576K
}
Event: 751.190 GC heap before
{Heap before GC invocations=81 (full 0):
 garbage-first heap   total 227328K, used 198860K [0x0000000080000000, 0x0000000100000000)
  region size 1024K, 11 young (11264K), 1 survivors (1024K)
 Metaspace       used 158610K, capacity 162875K, committed 163152K, reserved 1189888K
  class space    used 20236K, capacity 21782K, committed 21888K, reserved 1048576K
}
Event: 751.198 GC heap after
{Heap after GC invocations=82 (full 0):
 garbage-first heap   total 292864K, used 190499K [0x0000000080000000, 0x0000000100000000)
  region size 1024K, 2 young (2048K), 2 survivors (2048K)
 Metaspace       used 158610K, capacity 162875K, committed 163152K, reserved 1189888K
  class space    used 20236K, capacity 21782K, committed 21888K, reserved 1048576K
}
Event: 751.988 GC heap before
{Heap before GC invocations=83 (full 0):
 garbage-first heap   total 292864K, used 224291K [0x0000000080000000, 0x0000000100000000)
  region size 1024K, 35 young (35840K), 2 survivors (2048K)
 Metaspace       used 162306K, capacity 166628K, committed 166864K, reserved 1193984K
  class space    used 20675K, capacity 22198K, committed 22272K, reserved 1048576K
}
Event: 751.997 GC heap after
{Heap after GC invocations=84 (full 0):
 garbage-first heap   total 292864K, used 192760K [0x0000000080000000, 0x0000000100000000)
  region size 1024K, 4 young (4096K), 4 survivors (4096K)
 Metaspace       used 162306K, capacity 166628K, committed 166864K, reserved 1193984K
  class space    used 20675K, capacity 22198K, committed 22272K, reserved 1048576K
}
Event: 752.514 GC heap before
{Heap before GC invocations=84 (full 0):
 garbage-first heap   total 292864K, used 227576K [0x0000000080000000, 0x0000000100000000)
  region size 1024K, 39 young (39936K), 4 survivors (4096K)
 Metaspace       used 162816K, capacity 167121K, committed 167376K, reserved 1193984K
  class space    used 20725K, capacity 22232K, committed 22272K, reserved 1048576K
}
Event: 752.528 GC heap after
{Heap after GC invocations=85 (full 0):
 garbage-first heap   total 292864K, used 195969K [0x0000000080000000, 0x0000000100000000)
  region size 1024K, 5 young (5120K), 5 survivors (5120K)
 Metaspace       used 162816K, capacity 167121K, committed 167376K, reserved 1193984K
  class space    used 20725K, capacity 22232K, committed 22272K, reserved 1048576K
}
Event: 753.036 GC heap before
{Heap before GC invocations=85 (full 0):
 garbage-first heap   total 292864K, used 230785K [0x0000000080000000, 0x0000000100000000)
  region size 1024K, 40 young (40960K), 5 survivors (5120K)
 Metaspace       used 163264K, capacity 167647K, committed 167760K, reserved 1193984K
  class space    used 20775K, capacity 22296K, committed 22400K, reserved 1048576K
}
Event: 753.048 GC heap after
{Heap after GC invocations=86 (full 0):
 garbage-first heap   total 292864K, used 198555K [0x0000000080000000, 0x0000000100000000)
  region size 1024K, 3 young (3072K), 3 survivors (3072K)
 Metaspace       used 163264K, capacity 167647K, committed 167760K, reserved 1193984K
  class space    used 20775K, capacity 22296K, committed 22400K, reserved 1048576K
}
Event: 808.941 GC heap before
{Heap before GC invocations=86 (full 0):
 garbage-first heap   total 292864K, used 235419K [0x0000000080000000, 0x0000000100000000)
  region size 1024K, 39 young (39936K), 3 survivors (3072K)
 Metaspace       used 164389K, capacity 168840K, committed 168912K, reserved 1196032K
  class space    used 20915K, capacity 22477K, committed 22528K, reserved 1048576K
}

Deoptimization events (20 events):
Event: 807.287 Thread 0x0000016934712000 Uncommon trap: trap_request=0xffffff4d fr.pc=0x00000169220692fc relative=0x000000000000061c
Event: 807.287 Thread 0x0000016934712000 Uncommon trap: reason=unstable_if action=reinterpret pc=0x00000169220692fc method=java.lang.String.valueOf(Ljava/lang/Object;)Ljava/lang/String; @ 1 c2
Event: 807.287 Thread 0x0000016934712000 DEOPT PACKING pc=0x00000169220692fc sp=0x0000004bf55fe3d0
Event: 807.287 Thread 0x0000016934712000 DEOPT UNPACKING pc=0x0000016919faa1af sp=0x0000004bf55fe368 mode 2
Event: 807.701 Thread 0x0000016934710800 Uncommon trap: trap_request=0xffffff4d fr.pc=0x00000169224e6718 relative=0x00000000000001f8
Event: 807.701 Thread 0x0000016934710800 Uncommon trap: reason=unstable_if action=reinterpret pc=0x00000169224e6718 method=java.net.URL.hashCode()I @ 5 c2
Event: 807.701 Thread 0x0000016934710800 DEOPT PACKING pc=0x00000169224e6718 sp=0x0000004bf6efbd90
Event: 807.701 Thread 0x0000016934710800 DEOPT UNPACKING pc=0x0000016919faa1af sp=0x0000004bf6efbd30 mode 2
Event: 807.717 Thread 0x0000016934710800 Uncommon trap: trap_request=0xffffffc6 fr.pc=0x0000016921a6c824 relative=0x0000000000000824
Event: 807.717 Thread 0x0000016934710800 Uncommon trap: reason=bimorphic_or_optimized_type_check action=maybe_recompile pc=0x0000016921a6c824 method=java.io.DataInputStream.readChar()C @ 4 c2
Event: 807.717 Thread 0x0000016934710800 DEOPT PACKING pc=0x0000016921a6c824 sp=0x0000004bf6efb620
Event: 807.717 Thread 0x0000016934710800 DEOPT UNPACKING pc=0x0000016919faa1af sp=0x0000004bf6efb5e0 mode 2
Event: 808.261 Thread 0x0000016934710800 Uncommon trap: trap_request=0xffffffde fr.pc=0x0000016922036dc4 relative=0x00000000000009e4
Event: 808.261 Thread 0x0000016934710800 Uncommon trap: reason=class_check action=maybe_recompile pc=0x0000016922036dc4 method=org.gradle.cache.internal.LockOnDemandCrossProcessCacheAccess.incrementLockCount()V @ 97 c2
Event: 808.261 Thread 0x0000016934710800 DEOPT PACKING pc=0x0000016922036dc4 sp=0x0000004bf6ef3360
Event: 808.261 Thread 0x0000016934710800 DEOPT UNPACKING pc=0x0000016919faa1af sp=0x0000004bf6ef3340 mode 2
Event: 808.592 Thread 0x0000016934710800 DEOPT PACKING pc=0x000001691ad0aad1 sp=0x0000004bf6ef7ef0
Event: 808.592 Thread 0x0000016934710800 DEOPT UNPACKING pc=0x0000016919faa95e sp=0x0000004bf6ef7428 mode 0
Event: 808.715 Thread 0x0000016934710800 DEOPT PACKING pc=0x000001691b7f1a53 sp=0x0000004bf6ef7a30
Event: 808.715 Thread 0x0000016934710800 DEOPT UNPACKING pc=0x0000016919faa95e sp=0x0000004bf6ef6f38 mode 0

Classes redefined (0 events):
No events

Internal exceptions (20 events):
Event: 751.509 Thread 0x0000016934710800 Implicit null exception at 0x000001692288a5b3 to 0x000001692288ac24
Event: 751.517 Thread 0x0000016934710800 Implicit null exception at 0x000001692288d2b9 to 0x000001692288d3f1
Event: 751.517 Thread 0x0000016934710800 Implicit null exception at 0x000001692288d6b9 to 0x000001692288d7f1
Event: 752.443 Thread 0x0000016934710800 Implicit null exception at 0x00000169228cd4e9 to 0x00000169228cd6cc
Event: 753.212 Thread 0x0000016934710800 Exception <a 'java/lang/NoSuchMethodError'{0x0000000090e69d88}: <clinit>> (0x0000000090e69d88) thrown at [./src/hotspot/share/prims/jni.cpp, line 1366]
Event: 753.241 Thread 0x0000016934710800 Exception <a 'java/lang/NoSuchMethodError'{0x0000000090c3eb90}: <clinit>> (0x0000000090c3eb90) thrown at [./src/hotspot/share/prims/jni.cpp, line 1366]
Event: 753.322 Thread 0x0000016933368000 Exception <a 'java/lang/NoSuchMethodError'{0x000000009080d350}: <clinit>> (0x000000009080d350) thrown at [./src/hotspot/share/prims/jni.cpp, line 1366]
Event: 753.332 Thread 0x0000016933368000 Exception <a 'java/lang/NoSuchMethodError'{0x000000009082acc0}: <clinit>> (0x000000009082acc0) thrown at [./src/hotspot/share/prims/jni.cpp, line 1366]
Event: 753.363 Thread 0x0000016933368000 Exception <a 'java/lang/NoSuchMethodError'{0x000000009083a868}: <clinit>> (0x000000009083a868) thrown at [./src/hotspot/share/prims/jni.cpp, line 1366]
Event: 807.287 Thread 0x0000016934712000 Implicit null exception at 0x0000016922068d14 to 0x00000169220692e8
Event: 807.806 Thread 0x0000016933367800 Exception <a 'sun/nio/fs/WindowsException'{0x000000009000b1d8}> (0x000000009000b1d8) thrown at [./src/hotspot/share/prims/jni.cpp, line 616]
Event: 807.817 Thread 0x0000016933367800 Exception <a 'sun/nio/fs/WindowsException'{0x000000009004e618}> (0x000000009004e618) thrown at [./src/hotspot/share/prims/jni.cpp, line 616]
Event: 807.818 Thread 0x0000016933367800 Exception <a 'sun/nio/fs/WindowsException'{0x000000009004e780}> (0x000000009004e780) thrown at [./src/hotspot/share/prims/jni.cpp, line 616]
Event: 807.825 Thread 0x0000016934710800 Exception <a 'java/lang/ClassNotFoundException'{0x000000009007f060}: sync_studio_tooling10_2iid6zktptw580gq74a0f11isBeanInfo> (0x000000009007f060) thrown at [./src/hotspot/share/classfile/systemDictionary.cpp, line 231]
Event: 807.826 Thread 0x0000016934710800 Exception <a 'java/lang/ClassNotFoundException'{0x000000009008c220}: sync_studio_tooling10_2iid6zktptw580gq74a0f11isCustomizer> (0x000000009008c220) thrown at [./src/hotspot/share/classfile/systemDictionary.cpp, line 231]
Event: 807.856 Thread 0x000001693336d000 Exception <a 'sun/nio/fs/WindowsException'{0x000000008ff8a6a8}> (0x000000008ff8a6a8) thrown at [./src/hotspot/share/prims/jni.cpp, line 616]
Event: 807.868 Thread 0x000001693336d000 Exception <a 'sun/nio/fs/WindowsException'{0x000000008ffbe898}> (0x000000008ffbe898) thrown at [./src/hotspot/share/prims/jni.cpp, line 616]
Event: 807.883 Thread 0x000001693336d000 Exception <a 'sun/nio/fs/WindowsException'{0x000000008ffbe9f8}> (0x000000008ffbe9f8) thrown at [./src/hotspot/share/prims/jni.cpp, line 616]
Event: 807.917 Thread 0x0000016934710800 Exception <a 'java/lang/ClassNotFoundException'{0x000000008ff6f260}: sync_studio_tooling10_2iid6zktptw580gq74a0f11isBeanInfo> (0x000000008ff6f260) thrown at [./src/hotspot/share/classfile/systemDictionary.cpp, line 231]
Event: 807.918 Thread 0x0000016934710800 Exception <a 'java/lang/ClassNotFoundException'{0x000000008ff7c3c0}: sync_studio_tooling10_2iid6zktptw580gq74a0f11isCustomizer> (0x000000008ff7c3c0) thrown at [./src/hotspot/share/classfile/systemDictionary.cpp, line 231]

Events (20 events):
Event: 807.825 loading class sync_studio_tooling10_2iid6zktptw580gq74a0f11isCustomizer done
Event: 807.828 loading class groovy/runtime/metaclass/sync_studio_tooling10_2iid6zktptw580gq74a0f11is$_run_closure1MetaClass
Event: 807.828 loading class groovy/runtime/metaclass/sync_studio_tooling10_2iid6zktptw580gq74a0f11is$_run_closure1MetaClass done
Event: 807.830 loading class groovy/runtime/metaclass/sync_studio_tooling10_2iid6zktptw580gq74a0f11is$_run_closure1$_closure2MetaClass
Event: 807.830 loading class groovy/runtime/metaclass/sync_studio_tooling10_2iid6zktptw580gq74a0f11is$_run_closure1$_closure2MetaClass done
Event: 807.912 loading class groovy/runtime/metaclass/sync_studio_tooling10_2iid6zktptw580gq74a0f11isMetaClass
Event: 807.912 loading class groovy/runtime/metaclass/sync_studio_tooling10_2iid6zktptw580gq74a0f11isMetaClass done
Event: 807.917 loading class sync_studio_tooling10_2iid6zktptw580gq74a0f11isBeanInfo
Event: 807.917 loading class sync_studio_tooling10_2iid6zktptw580gq74a0f11isBeanInfo done
Event: 807.917 loading class sync_studio_tooling10_2iid6zktptw580gq74a0f11isBeanInfo
Event: 807.917 loading class sync_studio_tooling10_2iid6zktptw580gq74a0f11isBeanInfo done
Event: 807.918 loading class sync_studio_tooling10_2iid6zktptw580gq74a0f11isCustomizer
Event: 807.918 loading class sync_studio_tooling10_2iid6zktptw580gq74a0f11isCustomizer done
Event: 807.918 loading class sync_studio_tooling10_2iid6zktptw580gq74a0f11isCustomizer
Event: 807.918 loading class sync_studio_tooling10_2iid6zktptw580gq74a0f11isCustomizer done
Event: 807.920 loading class groovy/runtime/metaclass/sync_studio_tooling10_2iid6zktptw580gq74a0f11is$_run_closure1MetaClass
Event: 807.920 loading class groovy/runtime/metaclass/sync_studio_tooling10_2iid6zktptw580gq74a0f11is$_run_closure1MetaClass done
Event: 808.066 Thread 0x000001693d998800 Thread added: 0x000001693d998800
Event: 808.223 Thread 0x000001693d996000 Thread added: 0x000001693d996000
Event: 808.941 Executing VM operation: G1CollectForAllocation


Dynamic libraries:
0x00007ff6ed380000 - 0x00007ff6ed38a000 	C:\Program Files\Android\Android Studio\jre\bin\java.exe
0x00007ffd87a50000 - 0x00007ffd87c48000 	C:\WINDOWS\SYSTEM32\ntdll.dll
0x00007ffd86260000 - 0x00007ffd8631f000 	C:\WINDOWS\System32\KERNEL32.DLL
0x00007ffd85190000 - 0x00007ffd85462000 	C:\WINDOWS\System32\KERNELBASE.dll
0x00007ffd85640000 - 0x00007ffd85740000 	C:\WINDOWS\System32\ucrtbase.dll
0x00007ffd74950000 - 0x00007ffd74967000 	C:\Program Files\Android\Android Studio\jre\bin\VCRUNTIME140.dll
0x00007ffd74ee0000 - 0x00007ffd74ef9000 	C:\Program Files\Android\Android Studio\jre\bin\jli.dll
0x00007ffd866e0000 - 0x00007ffd86881000 	C:\WINDOWS\System32\USER32.dll
0x00007ffd85470000 - 0x00007ffd85492000 	C:\WINDOWS\System32\win32u.dll
0x00007ffd86230000 - 0x00007ffd8625b000 	C:\WINDOWS\System32\GDI32.dll
0x00007ffd75490000 - 0x00007ffd7572a000 	C:\WINDOWS\WinSxS\amd64_microsoft.windows.common-controls_6595b64144ccf1df_6.0.19041.1110_none_60b5254171f9507e\COMCTL32.dll
0x00007ffd85980000 - 0x00007ffd85a8f000 	C:\WINDOWS\System32\gdi32full.dll
0x00007ffd86190000 - 0x00007ffd8622e000 	C:\WINDOWS\System32\msvcrt.dll
0x00007ffd85510000 - 0x00007ffd855ad000 	C:\WINDOWS\System32\msvcp_win.dll
0x00007ffd86b60000 - 0x00007ffd86b92000 	C:\WINDOWS\System32\IMM32.DLL
0x00007ffd69930000 - 0x00007ffd699cd000 	C:\Program Files\Android\Android Studio\jre\bin\msvcp140.dll
0x00007ffd3e950000 - 0x00007ffd3f452000 	C:\Program Files\Android\Android Studio\jre\bin\server\jvm.dll
0x00007ffd86490000 - 0x00007ffd8653e000 	C:\WINDOWS\System32\ADVAPI32.dll
0x00007ffd87650000 - 0x00007ffd876ec000 	C:\WINDOWS\System32\sechost.dll
0x00007ffd85be0000 - 0x00007ffd85d05000 	C:\WINDOWS\System32\RPCRT4.dll
0x00007ffd86180000 - 0x00007ffd86188000 	C:\WINDOWS\System32\PSAPI.DLL
0x00007ffd7b000000 - 0x00007ffd7b027000 	C:\WINDOWS\SYSTEM32\WINMM.dll
0x00007ffd712d0000 - 0x00007ffd712d9000 	C:\WINDOWS\SYSTEM32\WSOCK32.dll
0x00007ffd7b030000 - 0x00007ffd7b03a000 	C:\WINDOWS\SYSTEM32\VERSION.dll
0x00007ffd86610000 - 0x00007ffd8667b000 	C:\WINDOWS\System32\WS2_32.dll
0x00007ffd831e0000 - 0x00007ffd831f2000 	C:\WINDOWS\SYSTEM32\kernel.appcore.dll
0x00007ffd80600000 - 0x00007ffd80611000 	C:\Program Files\Android\Android Studio\jre\bin\verify.dll
0x00007ffd70430000 - 0x00007ffd70614000 	C:\WINDOWS\SYSTEM32\DBGHELP.DLL
0x00007ffd70280000 - 0x00007ffd702b5000 	C:\WINDOWS\SYSTEM32\dbgcore.DLL
0x00007ffd855b0000 - 0x00007ffd85632000 	C:\WINDOWS\System32\bcryptPrimitives.dll
0x00007ffd74e80000 - 0x00007ffd74ea9000 	C:\Program Files\Android\Android Studio\jre\bin\java.dll
0x00007ffd805d0000 - 0x00007ffd805db000 	C:\Program Files\Android\Android Studio\jre\bin\jimage.dll
0x00007ffd74980000 - 0x00007ffd74998000 	C:\Program Files\Android\Android Studio\jre\bin\zip.dll
0x00007ffd86f00000 - 0x00007ffd87645000 	C:\WINDOWS\System32\SHELL32.dll
0x00007ffd83200000 - 0x00007ffd83992000 	C:\WINDOWS\SYSTEM32\windows.storage.dll
0x00007ffd86ba0000 - 0x00007ffd86ef5000 	C:\WINDOWS\System32\combase.dll
0x00007ffd84ba0000 - 0x00007ffd84bd0000 	C:\WINDOWS\SYSTEM32\Wldp.dll
0x00007ffd87750000 - 0x00007ffd877fd000 	C:\WINDOWS\System32\SHCORE.dll
0x00007ffd876f0000 - 0x00007ffd87745000 	C:\WINDOWS\System32\shlwapi.dll
0x00007ffd85080000 - 0x00007ffd8509f000 	C:\WINDOWS\SYSTEM32\profapi.dll
0x00007ffd74860000 - 0x00007ffd7487a000 	C:\Program Files\Android\Android Studio\jre\bin\net.dll
0x00007ffd7bc20000 - 0x00007ffd7bd2c000 	C:\WINDOWS\SYSTEM32\WINHTTP.dll
0x00007ffd84890000 - 0x00007ffd848fa000 	C:\WINDOWS\system32\mswsock.dll
0x00007ffd74840000 - 0x00007ffd74854000 	C:\Program Files\Android\Android Studio\jre\bin\nio.dll
0x00007ffd6a020000 - 0x00007ffd6a047000 	C:\Users\hp\.gradle\native\e1d6ef7f7dcc3fd88c89a11ec53ec762bb8ba0a96d01ffa2cd45eb1d1d8dd5c5\windows-amd64\native-platform.dll
0x00007ffd62d70000 - 0x00007ffd62eb4000 	C:\Users\hp\.gradle\native\0d407fdbe67a94daf76414ababcb853783967236a71b16ec16e742cd7a986fd3\windows-amd64\native-platform-file-events.dll
0x00007ffd7f730000 - 0x00007ffd7f73a000 	C:\Program Files\Android\Android Studio\jre\bin\management.dll
0x00007ffd7f6d0000 - 0x00007ffd7f6dd000 	C:\Program Files\Android\Android Studio\jre\bin\management_ext.dll
0x00007ffd84aa0000 - 0x00007ffd84ab8000 	C:\WINDOWS\SYSTEM32\CRYPTSP.dll
0x00007ffd841b0000 - 0x00007ffd841e4000 	C:\WINDOWS\system32\rsaenh.dll
0x00007ffd858a0000 - 0x00007ffd858c7000 	C:\WINDOWS\System32\bcrypt.dll
0x00007ffd85040000 - 0x00007ffd8506e000 	C:\WINDOWS\SYSTEM32\USERENV.dll
0x00007ffd84ac0000 - 0x00007ffd84acc000 	C:\WINDOWS\SYSTEM32\CRYPTBASE.dll
0x00007ffd84580000 - 0x00007ffd845bb000 	C:\WINDOWS\SYSTEM32\IPHLPAPI.DLL
0x00007ffd86320000 - 0x00007ffd86328000 	C:\WINDOWS\System32\NSI.dll
0x00007ffd7c1b0000 - 0x00007ffd7c1c7000 	C:\WINDOWS\SYSTEM32\dhcpcsvc6.DLL
0x00007ffd7c190000 - 0x00007ffd7c1ad000 	C:\WINDOWS\SYSTEM32\dhcpcsvc.DLL
0x00007ffd845c0000 - 0x00007ffd8468b000 	C:\WINDOWS\SYSTEM32\DNSAPI.dll
0x00007ffd6e460000 - 0x00007ffd6e487000 	C:\Program Files\Android\Android Studio\jre\bin\sunec.dll
0x00007ffd79110000 - 0x00007ffd7911a000 	C:\Windows\System32\rasadhlp.dll
0x00007ffd7bd90000 - 0x00007ffd7be10000 	C:\WINDOWS\System32\fwpuclnt.dll

dbghelp: loaded successfully - version: 4.0.5 - missing functions: none
symbol engine: initialized successfully - sym options: 0x614 - pdb path: .;C:\Program Files\Android\Android Studio\jre\bin;C:\WINDOWS\SYSTEM32;C:\WINDOWS\WinSxS\amd64_microsoft.windows.common-controls_6595b64144ccf1df_6.0.19041.1110_none_60b5254171f9507e;C:\Program Files\Android\Android Studio\jre\bin\server;C:\Users\hp\.gradle\native\e1d6ef7f7dcc3fd88c89a11ec53ec762bb8ba0a96d01ffa2cd45eb1d1d8dd5c5\windows-amd64;C:\Users\hp\.gradle\native\0d407fdbe67a94daf76414ababcb853783967236a71b16ec16e742cd7a986fd3\windows-amd64

VM Arguments:
jvm_args: --add-opens=java.base/java.util=ALL-UNNAMED --add-opens=java.base/java.lang=ALL-UNNAMED --add-opens=java.base/java.lang.invoke=ALL-UNNAMED --add-opens=java.base/java.util=ALL-UNNAMED --add-opens=java.prefs/java.util.prefs=ALL-UNNAMED --add-opens=java.prefs/java.util.prefs=ALL-UNNAMED --add-opens=java.base/java.nio.charset=ALL-UNNAMED --add-opens=java.base/java.net=ALL-UNNAMED --add-opens=java.base/java.util.concurrent.atomic=ALL-UNNAMED -Xmx2048m -Dfile.encoding=UTF-8 -Duser.country=US -Duser.language=en -Duser.variant 
java_command: org.gradle.launcher.daemon.bootstrap.GradleDaemon 7.4
java_class_path (initial): C:\Users\hp\.gradle\wrapper\dists\gradle-7.4-bin\c0gwcg53nkjbqw7r0h0umtfvt\gradle-7.4\lib\gradle-launcher-7.4.jar
Launcher Type: SUN_STANDARD

[Global flags]
     intx CICompilerCount                          = 3                                         {product} {ergonomic}
     uint ConcGCThreads                            = 1                                         {product} {ergonomic}
     uint G1ConcRefinementThreads                  = 4                                         {product} {ergonomic}
   size_t G1HeapRegionSize                         = 1048576                                   {product} {ergonomic}
    uintx GCDrainStackTargetSize                   = 64                                        {product} {ergonomic}
   size_t InitialHeapSize                          = 134217728                                 {product} {ergonomic}
   size_t MarkStackSize                            = 4194304                                   {product} {ergonomic}
   size_t MaxHeapSize                              = 2147483648                                {product} {command line}
   size_t MaxNewSize                               = 1287651328                                {product} {ergonomic}
   size_t MinHeapDeltaBytes                        = 1048576                                   {product} {ergonomic}
    uintx NonNMethodCodeHeapSize                   = 5830732                                {pd product} {ergonomic}
    uintx NonProfiledCodeHeapSize                  = 122913754                              {pd product} {ergonomic}
    uintx ProfiledCodeHeapSize                     = 122913754                              {pd product} {ergonomic}
    uintx ReservedCodeCacheSize                    = 251658240                              {pd product} {ergonomic}
     bool SegmentedCodeCache                       = true                                      {product} {ergonomic}
     bool UseCompressedClassPointers               = true                                 {lp64_product} {ergonomic}
     bool UseCompressedOops                        = true                                 {lp64_product} {ergonomic}
     bool UseG1GC                                  = true                                      {product} {ergonomic}
     bool UseLargePagesIndividualAllocation        = false                                  {pd product} {ergonomic}

Logging:
Log output configuration:
 #0: stdout all=warning uptime,level,tags
 #1: stderr all=off uptime,level,tags

Environment Variables:
PATH=C:\Program Files\Common Files\Oracle\Java\javapath;C:\Program Files (x86)\Common Files\Oracle\Java\javapath;C:\Program Files\AdoptOpenJDK\jdk-11.0.4.11-hotspot\bin;C:\Program Files\AdoptOpenJDK\jre-8.0.222.10-hotspot\bin;C:\Program Files\AdoptOpenJDK\jre-11.0.4.11-hotspot\bin;C:\Program Files (x86)\AdoptOpenJDK\jre-8.0.222.10-hotspot\bin;C:\WINDOWS\system32;C:\WINDOWS;C:\WINDOWS\System32\Wbem;C:\WINDOWS\System32\WindowsPowerShell\v1.0\;C:\WINDOWS\System32\OpenSSH\;C:\Program Files\Liquid Technologies\Liquid Studio 2020\XmlDataBinder18\Redist18\cpp\win32\bin;C:\Program Files\Liquid Technologies\Liquid Studio 2020\XmlDataBinder18\Redist18\cpp\win64\bin;C:\Program Files\Microsoft SQL Server\130\Tools\Binn\;C:\Program Files\dotnet\;C:\Program Files\Microsoft SQL Server\Client SDK\ODBC\170\Tools\Binn\;C:\Program Files\PuTTY\;C:\Program Files\Amazon\AWSCLIV2\;C:\Program Files\Git\cmd;C:\Program Files\nodejs\;C:\Users\hp\AppData\Local\Programs\Python\Python310\Scripts\;C:\Users\hp\AppData\Local\Programs\Python\Python310\;C:\Python27
USERNAME=hp
OS=Windows_NT
PROCESSOR_IDENTIFIER=Intel64 Family 6 Model 58 Stepping 9, GenuineIntel



---------------  S Y S T E M  ---------------

OS: Windows 10 , 64 bit Build 19041 (10.0.19041.2546)
OS uptime: 18 days 3:14 hours

CPU:total 4 (initial active 4) (2 cores per cpu, 2 threads per core) family 6 model 58 stepping 9 microcode 0x21, cmov, cx8, fxsr, mmx, sse, sse2, sse3, ssse3, sse4.1, sse4.2, popcnt, avx, aes, clmul, erms, ht, tsc, tscinvbit, tscinv

Memory: 4k page, system-wide physical 8123M (1407M free)
TotalPageFile size 10401M (AvailPageFile size 115M)
current process WorkingSet (physical memory assigned to process): 666M, peak: 682M
current process commit charge ("private bytes"): 714M, peak: 839M

vm_info: OpenJDK 64-Bit Server VM (11.0.13+0-b1751.21-8125866) for windows-amd64 JRE (11.0.13+0-b1751.21-8125866), built on Feb  2 2022 03:00:22 by "builder" with MS VC++ 14.0 (VS2015)

END.
